#
# There is insufficient memory for the Java Runtime Environment to continue.
# Native memory allocation (malloc) failed to allocate 1992016 bytes for Chunk::new
# Possible reasons:
#   The system is out of physical RAM or swap space
#   The process is running with CompressedOops enabled, and the Java Heap may be blocking the growth of the native heap
# Possible solutions:
#   Reduce memory load on the system
#   Increase physical memory or swap space
#   Check if swap backing store is full
#   Decrease Java heap size (-Xmx/-Xms)
#   Decrease number of Java threads
#   Decrease Java thread stack sizes (-Xss)
#   Set larger code cache with -XX:ReservedCodeCacheSize=
#   JVM is running with Unscaled Compressed Oops mode in which the Java heap is
#     placed in the first 4GB address space. The Java Heap base address is the
#     maximum limit for the native heap growth. Please use -XX:HeapBaseMinAddress
#     to set the Java Heap base and to place the Java Heap above 4GB virtual address.
# This output file may be truncated or incomplete.
#
#  Out of Memory Error (./src/hotspot/share/memory/arena.cpp:197), pid=16188, tid=16292
#
# JRE version: OpenJDK Runtime Environment (11.0.10) (build 11.0.10+0-b96-7249189)
# Java VM: OpenJDK 64-Bit Server VM (11.0.10+0-b96-7249189, mixed mode, tiered, compressed oops, g1 gc, windows-amd64)
# No core dump will be written. Minidumps are not enabled by default on client versions of Windows
#

---------------  S U M M A R Y ------------

Command Line: --add-opens=java.base/java.util=ALL-UNNAMED --add-opens=java.base/java.lang=ALL-UNNAMED --add-opens=java.base/java.lang.invoke=ALL-UNNAMED --add-opens=java.base/java.util=ALL-UNNAMED --add-opens=java.prefs/java.util.prefs=ALL-UNNAMED --add-opens=java.prefs/java.util.prefs=ALL-UNNAMED --add-opens=java.base/java.nio.charset=ALL-UNNAMED --add-opens=java.base/java.net=ALL-UNNAMED --add-opens=java.base/java.util.concurrent.atomic=ALL-UNNAMED -Xmx2048m -Dfile.encoding=UTF-8 -Duser.country=TW -Duser.language=zh -Duser.variant org.gradle.launcher.daemon.bootstrap.GradleDaemon 7.0.2

Host: AMD Ryzen 5 3600 6-Core Processor              , 12 cores, 15G,  Windows 10 , 64 bit Build 19041 (10.0.19041.1202)
Time: Mon Nov  1 01:38:35 2021 台北標準時間 elapsed time: 577.863338 seconds (0d 0h 9m 37s)

---------------  T H R E A D  ---------------

Current thread (0x000001dd51634000):  JavaThread "C2 CompilerThread0" daemon [_thread_in_native, id=16292, stack(0x000000d42d600000,0x000000d42d700000)]


Current CompileTask:
C2: 577863 17859       4       com.android.ide.common.blame.MergingLogPersistUtil$$Lambda$1778/0x0000000100c6fc40::accept (12 bytes)

Stack: [0x000000d42d600000,0x000000d42d700000]
Native frames: (J=compiled Java code, j=interpreted, Vv=VM code, C=native code)
V  [jvm.dll+0x5ecfaa]
V  [jvm.dll+0x722bd5]
V  [jvm.dll+0x72412d]
V  [jvm.dll+0x7247e3]
V  [jvm.dll+0x242928]
V  [jvm.dll+0xbc4fc]
V  [jvm.dll+0xbca0c]
V  [jvm.dll+0x2b4fd4]
V  [jvm.dll+0x506028]
V  [jvm.dll+0x1fcbde]
V  [jvm.dll+0x1fa77f]
V  [jvm.dll+0x18354c]
V  [jvm.dll+0x208ee7]
V  [jvm.dll+0x207731]
V  [jvm.dll+0x6eb1cf]
V  [jvm.dll+0x6e3d45]
V  [jvm.dll+0x5ebe96]
C  [ucrtbase.dll+0x21bb2]
C  [KERNEL32.DLL+0x17034]
C  [ntdll.dll+0x52651]


---------------  P R O C E S S  ---------------

Threads class SMR info:
_java_thread_list=0x000001dd5ccd81b0, length=74, elements={
0x000001dd35ccd000, 0x000001dd515b2800, 0x000001dd515b6000, 0x000001dd5162b800,
0x000001dd5162d000, 0x000001dd5162e000, 0x000001dd51634000, 0x000001dd51638800,
0x000001dd5163d800, 0x000001dd517b8000, 0x000001dd52ccf000, 0x000001dd52f73000,
0x000001dd52b4c800, 0x000001dd539dc000, 0x000001dd539df000, 0x000001dd539e1000,
0x000001dd539de800, 0x000001dd539e0000, 0x000001dd539db000, 0x000001dd539e1800,
0x000001dd55ade800, 0x000001dd55ada800, 0x000001dd55adc000, 0x000001dd55adc800,
0x000001dd55adf000, 0x000001dd55add800, 0x000001dd55ad9800, 0x000001dd55ae0000,
0x000001dd55ae1000, 0x000001dd55adb000, 0x000001dd55ae5000, 0x000001dd55ae6800,
0x000001dd5813d000, 0x000001dd58136000, 0x000001dd58135000, 0x000001dd571c3000,
0x000001dd571c5800, 0x000001dd571bf800, 0x000001dd571c3800, 0x000001dd571c4800,
0x000001dd571c6000, 0x000001dd571c0800, 0x000001dd571c7000, 0x000001dd571c1800,
0x000001dd571c8000, 0x000001dd571cc800, 0x000001dd571cd800, 0x000001dd571ce800,
0x000001dd571ca000, 0x000001dd571c8800, 0x000001dd571c9800, 0x000001dd571cb000,
0x000001dd571cc000, 0x000001dd58134000, 0x000001dd58133800, 0x000001dd58130000,
0x000001dd58136800, 0x000001dd58131000, 0x000001dd58132800, 0x000001dd58137800,
0x000001dd58131800, 0x000001dd5813a800, 0x000001dd5813b800, 0x000001dd58139000,
0x000001dd5813a000, 0x000001dd58138000, 0x000001dd5813c800, 0x000001dd5813f000,
0x000001dd55ae3800, 0x000001dd55ae4000, 0x000001dd55ae5800, 0x000001dd539dc800,
0x000001dd539dd800, 0x000001dd5c8bf000
}

Java Threads: ( => current thread )
  0x000001dd35ccd000 JavaThread "main" [_thread_blocked, id=15752, stack(0x000000d42ca00000,0x000000d42cb00000)]
  0x000001dd515b2800 JavaThread "Reference Handler" daemon [_thread_blocked, id=13824, stack(0x000000d42d100000,0x000000d42d200000)]
  0x000001dd515b6000 JavaThread "Finalizer" daemon [_thread_blocked, id=17180, stack(0x000000d42d200000,0x000000d42d300000)]
  0x000001dd5162b800 JavaThread "Signal Dispatcher" daemon [_thread_blocked, id=16680, stack(0x000000d42d300000,0x000000d42d400000)]
  0x000001dd5162d000 JavaThread "Attach Listener" daemon [_thread_blocked, id=1140, stack(0x000000d42d400000,0x000000d42d500000)]
  0x000001dd5162e000 JavaThread "Service Thread" daemon [_thread_blocked, id=15372, stack(0x000000d42d500000,0x000000d42d600000)]
=>0x000001dd51634000 JavaThread "C2 CompilerThread0" daemon [_thread_in_native, id=16292, stack(0x000000d42d600000,0x000000d42d700000)]
  0x000001dd51638800 JavaThread "C1 CompilerThread0" daemon [_thread_in_native, id=15588, stack(0x000000d42d700000,0x000000d42d800000)]
  0x000001dd5163d800 JavaThread "Sweeper thread" daemon [_thread_blocked, id=14064, stack(0x000000d42d800000,0x000000d42d900000)]
  0x000001dd517b8000 JavaThread "Common-Cleaner" daemon [_thread_blocked, id=7376, stack(0x000000d42d900000,0x000000d42da00000)]
  0x000001dd52ccf000 JavaThread "Daemon health stats" [_thread_blocked, id=17360, stack(0x000000d42e200000,0x000000d42e300000)]
  0x000001dd52f73000 JavaThread "Incoming local TCP Connector on port 5378" [_thread_in_native, id=9656, stack(0x000000d42e100000,0x000000d42e200000)]
  0x000001dd52b4c800 JavaThread "Daemon periodic checks" [_thread_blocked, id=13872, stack(0x000000d42e300000,0x000000d42e400000)]
  0x000001dd539dc000 JavaThread "Cache worker for file hash cache (C:\Users\Sumver\.gradle\caches\7.0.2\fileHashes)" [_thread_blocked, id=17276, stack(0x000000d42eb00000,0x000000d42ec00000)]
  0x000001dd539df000 JavaThread "File lock request listener" [_thread_in_native, id=3372, stack(0x000000d42ec00000,0x000000d42ed00000)]
  0x000001dd539e1000 JavaThread "Cache worker for journal cache (C:\Users\Sumver\.gradle\caches\journal-1)" [_thread_blocked, id=1448, stack(0x000000d42f300000,0x000000d42f400000)]
  0x000001dd539de800 JavaThread "File watcher server" daemon [_thread_in_native, id=15108, stack(0x000000d42f500000,0x000000d42f600000)]
  0x000001dd539e0000 JavaThread "File watcher consumer" daemon [_thread_blocked, id=10112, stack(0x000000d42f600000,0x000000d42f700000)]
  0x000001dd539db000 JavaThread "jar transforms" [_thread_blocked, id=15688, stack(0x000000d42f700000,0x000000d42f800000)]
  0x000001dd539e1800 JavaThread "jar transforms Thread 2" [_thread_blocked, id=9044, stack(0x000000d42f800000,0x000000d42f900000)]
  0x000001dd55ade800 JavaThread "jar transforms Thread 3" [_thread_blocked, id=15656, stack(0x000000d42f900000,0x000000d42fa00000)]
  0x000001dd55ada800 JavaThread "jar transforms Thread 4" [_thread_blocked, id=7964, stack(0x000000d42fa00000,0x000000d42fb00000)]
  0x000001dd55adc000 JavaThread "jar transforms Thread 5" [_thread_blocked, id=5776, stack(0x000000d42fb00000,0x000000d42fc00000)]
  0x000001dd55adc800 JavaThread "jar transforms Thread 6" [_thread_blocked, id=8532, stack(0x000000d42fc00000,0x000000d42fd00000)]
  0x000001dd55adf000 JavaThread "jar transforms Thread 7" [_thread_blocked, id=16820, stack(0x000000d42fd00000,0x000000d42fe00000)]
  0x000001dd55add800 JavaThread "jar transforms Thread 8" [_thread_blocked, id=17376, stack(0x000000d42ff00000,0x000000d430000000)]
  0x000001dd55ad9800 JavaThread "jar transforms Thread 9" [_thread_blocked, id=2588, stack(0x000000d430000000,0x000000d430100000)]
  0x000001dd55ae0000 JavaThread "jar transforms Thread 10" [_thread_blocked, id=12616, stack(0x000000d430100000,0x000000d430200000)]
  0x000001dd55ae1000 JavaThread "jar transforms Thread 11" [_thread_blocked, id=16284, stack(0x000000d430200000,0x000000d430300000)]
  0x000001dd55adb000 JavaThread "jar transforms Thread 12" [_thread_blocked, id=15684, stack(0x000000d430300000,0x000000d430400000)]
  0x000001dd55ae5000 JavaThread "Cache worker for execution history cache (C:\Users\Sumver\.gradle\caches\7.0.2\executionHistory)" [_thread_blocked, id=9720, stack(0x000000d430700000,0x000000d430800000)]
  0x000001dd55ae6800 JavaThread "Cache worker for file content cache (C:\Users\Sumver\.gradle\caches\7.0.2\fileContent)" [_thread_blocked, id=15896, stack(0x000000d430800000,0x000000d430900000)]
  0x000001dd5813d000 JavaThread "Memory manager" [_thread_blocked, id=8916, stack(0x000000d431700000,0x000000d431800000)]
  0x000001dd58136000 JavaThread "Daemon Thread 2" [_thread_blocked, id=10872, stack(0x000000d42c700000,0x000000d42c800000)]
  0x000001dd58135000 JavaThread "Daemon worker Thread 2" [_thread_blocked, id=9724, stack(0x000000d42db00000,0x000000d42dc00000)]
  0x000001dd571c3000 JavaThread "Handler for socket connection from /127.0.0.1:5378 to /127.0.0.1:5474" [_thread_in_native, id=17260, stack(0x000000d42c800000,0x000000d42c900000)]
  0x000001dd571c5800 JavaThread "Cancel handler" [_thread_blocked, id=5204, stack(0x000000d42c900000,0x000000d42ca00000)]
  0x000001dd571bf800 JavaThread "Asynchronous log dispatcher for DefaultDaemonConnection: socket connection from /127.0.0.1:5378 to /127.0.0.1:5474" [_thread_blocked, id=15336, stack(0x000000d42e400000,0x000000d42e500000)]
  0x000001dd571c3800 JavaThread "Stdin handler" [_thread_blocked, id=12872, stack(0x000000d42e500000,0x000000d42e600000)]
  0x000001dd571c4800 JavaThread "Daemon client event forwarder" [_thread_blocked, id=18012, stack(0x000000d42e600000,0x000000d42e700000)]
  0x000001dd571c6000 JavaThread "Cache worker for file hash cache (C:\Users\Sumver\AndroidStudioProjects\YunTechFlowerV1\.gradle\7.0.2\fileHashes)" [_thread_blocked, id=17920, stack(0x000000d42e700000,0x000000d42e800000)]
  0x000001dd571c0800 JavaThread "C2 CompilerThread1" daemon [_thread_in_native, id=1344, stack(0x000000d42e800000,0x000000d42e900000)]
  0x000001dd571c7000 JavaThread "C2 CompilerThread2" daemon [_thread_in_native, id=16716, stack(0x000000d42e900000,0x000000d42ea00000)]
  0x000001dd571c1800 JavaThread "Cache worker for checksums cache (C:\Users\Sumver\AndroidStudioProjects\YunTechFlowerV1\.gradle\checksums)" [_thread_blocked, id=2040, stack(0x000000d42ea00000,0x000000d42eb00000)]
  0x000001dd571c8000 JavaThread "Cache worker for cache directory md-supplier (C:\Users\Sumver\.gradle\caches\7.0.2\md-supplier)" [_thread_blocked, id=14688, stack(0x000000d42fe00000,0x000000d42ff00000)]
  0x000001dd571cc800 JavaThread "Cache worker for cache directory md-rule (C:\Users\Sumver\.gradle\caches\7.0.2\md-rule)" [_thread_blocked, id=14968, stack(0x000000d430400000,0x000000d430500000)]
  0x000001dd571cd800 JavaThread "Cache worker for dependencies-accessors (C:\Users\Sumver\AndroidStudioProjects\YunTechFlowerV1\.gradle\7.0.2\dependencies-accessors)" [_thread_blocked, id=16848, stack(0x000000d430500000,0x000000d430600000)]
  0x000001dd571ce800 JavaThread "Cache worker for Build Output Cleanup Cache (C:\Users\Sumver\AndroidStudioProjects\YunTechFlowerV1\.gradle\buildOutputCleanup)" [_thread_blocked, id=18136, stack(0x000000d430600000,0x000000d430700000)]
  0x000001dd571ca000 JavaThread "Build operations" [_thread_blocked, id=6244, stack(0x000000d430900000,0x000000d430a00000)]
  0x000001dd571c8800 JavaThread "Build operations Thread 2" [_thread_blocked, id=11392, stack(0x000000d430a00000,0x000000d430b00000)]
  0x000001dd571c9800 JavaThread "Build operations Thread 3" [_thread_blocked, id=7224, stack(0x000000d430b00000,0x000000d430c00000)]
  0x000001dd571cb000 JavaThread "Build operations Thread 4" [_thread_blocked, id=9824, stack(0x000000d430c00000,0x000000d430d00000)]
  0x000001dd571cc000 JavaThread "Build operations Thread 5" [_thread_blocked, id=9956, stack(0x000000d430d00000,0x000000d430e00000)]
  0x000001dd58134000 JavaThread "Build operations Thread 6" [_thread_blocked, id=16632, stack(0x000000d430e00000,0x000000d430f00000)]
  0x000001dd58133800 JavaThread "Build operations Thread 7" [_thread_blocked, id=16180, stack(0x000000d430f00000,0x000000d431000000)]
  0x000001dd58130000 JavaThread "Build operations Thread 8" [_thread_blocked, id=17800, stack(0x000000d431000000,0x000000d431100000)]
  0x000001dd58136800 JavaThread "Build operations Thread 9" [_thread_blocked, id=6248, stack(0x000000d431100000,0x000000d431200000)]
  0x000001dd58131000 JavaThread "Build operations Thread 10" [_thread_blocked, id=14716, stack(0x000000d431200000,0x000000d431300000)]
  0x000001dd58132800 JavaThread "Build operations Thread 11" [_thread_blocked, id=16456, stack(0x000000d431300000,0x000000d431400000)]
  0x000001dd58137800 JavaThread "Build operations Thread 12" [_thread_blocked, id=4604, stack(0x000000d431400000,0x000000d431500000)]
  0x000001dd58131800 JavaThread "build event listener" [_thread_blocked, id=10436, stack(0x000000d431600000,0x000000d431700000)]
  0x000001dd5813a800 JavaThread "Execution worker for ':'" [_thread_in_Java, id=4080, stack(0x000000d431800000,0x000000d431900000)]
  0x000001dd5813b800 JavaThread "Execution worker for ':' Thread 2" [_thread_blocked, id=5352, stack(0x000000d431900000,0x000000d431a00000)]
  0x000001dd58139000 JavaThread "Execution worker for ':' Thread 3" [_thread_blocked, id=16296, stack(0x000000d431a00000,0x000000d431b00000)]
  0x000001dd5813a000 JavaThread "Execution worker for ':' Thread 4" [_thread_blocked, id=15532, stack(0x000000d431b00000,0x000000d431c00000)]
  0x000001dd58138000 JavaThread "Execution worker for ':' Thread 5" [_thread_blocked, id=4480, stack(0x000000d431c00000,0x000000d431d00000)]
  0x000001dd5813c800 JavaThread "Execution worker for ':' Thread 6" [_thread_blocked, id=16932, stack(0x000000d431d00000,0x000000d431e00000)]
  0x000001dd5813f000 JavaThread "Execution worker for ':' Thread 7" [_thread_blocked, id=12928, stack(0x000000d431e00000,0x000000d431f00000)]
  0x000001dd55ae3800 JavaThread "Execution worker for ':' Thread 8" [_thread_blocked, id=11612, stack(0x000000d431f00000,0x000000d432000000)]
  0x000001dd55ae4000 JavaThread "Execution worker for ':' Thread 9" [_thread_blocked, id=16780, stack(0x000000d432000000,0x000000d432100000)]
  0x000001dd55ae5800 JavaThread "Execution worker for ':' Thread 10" [_thread_blocked, id=3812, stack(0x000000d432100000,0x000000d432200000)]
  0x000001dd539dc800 JavaThread "Execution worker for ':' Thread 11" [_thread_blocked, id=292, stack(0x000000d432200000,0x000000d432300000)]
  0x000001dd539dd800 JavaThread "Cache worker for execution history cache (C:\Users\Sumver\AndroidStudioProjects\YunTechFlowerV1\.gradle\7.0.2\executionHistory)" [_thread_blocked, id=5364, stack(0x000000d432300000,0x000000d432400000)]
  0x000001dd5c8bf000 JavaThread "WorkerExecutor Queue" [_thread_blocked, id=3760, stack(0x000000d432700000,0x000000d432800000)]

Other Threads:
  0x000001dd50d7c800 VMThread "VM Thread" [stack: 0x000000d42d000000,0x000000d42d100000] [id=12240]
  0x000001dd517da800 WatcherThread [stack: 0x000000d42da00000,0x000000d42db00000] [id=9832]
  0x000001dd35ce6800 GCTaskThread "GC Thread#0" [stack: 0x000000d42cb00000,0x000000d42cc00000] [id=16924]
  0x000001dd52531800 GCTaskThread "GC Thread#1" [stack: 0x000000d42dc00000,0x000000d42dd00000] [id=11964]
  0x000001dd52180000 GCTaskThread "GC Thread#2" [stack: 0x000000d42dd00000,0x000000d42de00000] [id=15356]
  0x000001dd52180800 GCTaskThread "GC Thread#3" [stack: 0x000000d42de00000,0x000000d42df00000] [id=8300]
  0x000001dd52425000 GCTaskThread "GC Thread#4" [stack: 0x000000d42df00000,0x000000d42e000000] [id=12396]
  0x000001dd52284800 GCTaskThread "GC Thread#5" [stack: 0x000000d42e000000,0x000000d42e100000] [id=15820]
  0x000001dd53838800 GCTaskThread "GC Thread#6" [stack: 0x000000d42ed00000,0x000000d42ee00000] [id=17252]
  0x000001dd524c7800 GCTaskThread "GC Thread#7" [stack: 0x000000d42ee00000,0x000000d42ef00000] [id=8460]
  0x000001dd52d32800 GCTaskThread "GC Thread#8" [stack: 0x000000d42ef00000,0x000000d42f000000] [id=7984]
  0x000001dd52b8f000 GCTaskThread "GC Thread#9" [stack: 0x000000d42f000000,0x000000d42f100000] [id=7900]
  0x000001dd35d18800 ConcurrentGCThread "G1 Main Marker" [stack: 0x000000d42cc00000,0x000000d42cd00000] [id=11476]
  0x000001dd35d1b000 ConcurrentGCThread "G1 Conc#0" [stack: 0x000000d42cd00000,0x000000d42ce00000] [id=3264]
  0x000001dd52d3b800 ConcurrentGCThread "G1 Conc#1" [stack: 0x000000d42f100000,0x000000d42f200000] [id=14768]
  0x000001dd53c3c800 ConcurrentGCThread "G1 Conc#2" [stack: 0x000000d42f200000,0x000000d42f300000] [id=15968]
  0x000001dd50bfc800 ConcurrentGCThread "G1 Refine#0" [stack: 0x000000d42ce00000,0x000000d42cf00000] [id=10348]
  0x000001dd58a1b800 ConcurrentGCThread "G1 Refine#1" [stack: 0x000000d42f400000,0x000000d42f500000] [id=11484]
  0x000001dd55c69000 ConcurrentGCThread "G1 Refine#2" [stack: 0x000000d432400000,0x000000d432500000] [id=10788]
  0x000001dd55c6a000 ConcurrentGCThread "G1 Refine#3" [stack: 0x000000d432500000,0x000000d432600000] [id=15320]
  0x000001dd55c67800 ConcurrentGCThread "G1 Refine#4" [stack: 0x000000d432600000,0x000000d432700000] [id=6824]
  0x000001dd50bfd800 ConcurrentGCThread "G1 Young RemSet Sampling" [stack: 0x000000d42cf00000,0x000000d42d000000] [id=17116]

Threads with active compile tasks:
C2 CompilerThread0 577889 17859       4       com.android.ide.common.blame.MergingLogPersistUtil$$Lambda$1778/0x0000000100c6fc40::accept (12 bytes)
C2 CompilerThread1 577889 17860       4       com.android.ide.common.blame.MergingLogPersistUtil::lambda$normalize$0 (107 bytes)
C2 CompilerThread2 577889 17895       4       com.android.ide.common.resources.NodeUtils::updateNamespace (161 bytes)

VM state:not at safepoint (normal execution)

VM Mutex/Monitor currently owned by a thread: None

Heap address: 0x0000000080000000, size: 2048 MB, Compressed Oops mode: 32-bit
Narrow klass base: 0x0000000000000000, Narrow klass shift: 3
Compressed class space size: 1073741824 Address: 0x0000000100000000

Heap:
 garbage-first heap   total 262144K, used 192615K [0x0000000080000000, 0x0000000100000000)
  region size 1024K, 28 young (28672K), 2 survivors (2048K)
 Metaspace       used 126127K, capacity 129799K, committed 130816K, reserved 1163264K
  class space    used 15975K, capacity 17323K, committed 17664K, reserved 1048576K
Heap Regions: E=young(eden), S=young(survivor), O=old, HS=humongous(starts), HC=humongous(continues), CS=collection set, F=free, A=archive, TAMS=top-at-mark-start (previous, next)
|   0|0x0000000080000000, 0x0000000080100000, 0x0000000080100000|100%| O|  |TAMS 0x0000000080100000, 0x0000000080000000| Updating 
|   1|0x0000000080100000, 0x0000000080200000, 0x0000000080200000|100%| O|  |TAMS 0x0000000080200000, 0x0000000080100000| Updating 
|   2|0x0000000080200000, 0x0000000080300000, 0x0000000080300000|100%| O|  |TAMS 0x0000000080300000, 0x0000000080200000| Updating 
|   3|0x0000000080300000, 0x0000000080400000, 0x0000000080400000|100%|HS|  |TAMS 0x0000000080400000, 0x0000000080300000| Complete 
|   4|0x0000000080400000, 0x0000000080500000, 0x0000000080500000|100%|HC|  |TAMS 0x0000000080500000, 0x0000000080400000| Complete 
|   5|0x0000000080500000, 0x0000000080600000, 0x0000000080600000|100%|HC|  |TAMS 0x0000000080600000, 0x0000000080500000| Complete 
|   6|0x0000000080600000, 0x0000000080700000, 0x0000000080700000|100%| O|  |TAMS 0x0000000080700000, 0x0000000080600000| Updating 
|   7|0x0000000080700000, 0x0000000080800000, 0x0000000080800000|100%| O|  |TAMS 0x0000000080800000, 0x0000000080700000| Updating 
|   8|0x0000000080800000, 0x0000000080900000, 0x0000000080900000|100%| O|  |TAMS 0x0000000080900000, 0x0000000080800000| Updating 
|   9|0x0000000080900000, 0x0000000080a00000, 0x0000000080a00000|100%| O|  |TAMS 0x0000000080a00000, 0x0000000080900000| Updating 
|  10|0x0000000080a00000, 0x0000000080b00000, 0x0000000080b00000|100%| O|  |TAMS 0x0000000080b00000, 0x0000000080a00000| Updating 
|  11|0x0000000080b00000, 0x0000000080c00000, 0x0000000080c00000|100%| O|  |TAMS 0x0000000080c00000, 0x0000000080b00000| Updating 
|  12|0x0000000080c00000, 0x0000000080d00000, 0x0000000080d00000|100%| O|  |TAMS 0x0000000080d00000, 0x0000000080c00000| Updating 
|  13|0x0000000080d00000, 0x0000000080e00000, 0x0000000080e00000|100%| O|  |TAMS 0x0000000080e00000, 0x0000000080d00000| Updating 
|  14|0x0000000080e00000, 0x0000000080f00000, 0x0000000080f00000|100%| O|  |TAMS 0x0000000080f00000, 0x0000000080e00000| Updating 
|  15|0x0000000080f00000, 0x0000000081000000, 0x0000000081000000|100%| O|  |TAMS 0x0000000081000000, 0x0000000080f00000| Updating 
|  16|0x0000000081000000, 0x0000000081100000, 0x0000000081100000|100%| O|  |TAMS 0x0000000081100000, 0x0000000081000000| Updating 
|  17|0x0000000081100000, 0x0000000081200000, 0x0000000081200000|100%|HS|  |TAMS 0x0000000081200000, 0x0000000081100000| Complete 
|  18|0x0000000081200000, 0x0000000081300000, 0x0000000081300000|100%|HC|  |TAMS 0x0000000081300000, 0x0000000081200000| Complete 
|  19|0x0000000081300000, 0x0000000081400000, 0x0000000081400000|100%|HS|  |TAMS 0x0000000081400000, 0x0000000081300000| Complete 
|  20|0x0000000081400000, 0x0000000081500000, 0x0000000081500000|100%|HC|  |TAMS 0x0000000081500000, 0x0000000081400000| Complete 
|  21|0x0000000081500000, 0x0000000081600000, 0x0000000081600000|100%|HC|  |TAMS 0x0000000081600000, 0x0000000081500000| Complete 
|  22|0x0000000081600000, 0x0000000081700000, 0x0000000081700000|100%|HS|  |TAMS 0x0000000081700000, 0x0000000081600000| Complete 
|  23|0x0000000081700000, 0x0000000081800000, 0x0000000081800000|100%|HC|  |TAMS 0x0000000081800000, 0x0000000081700000| Complete 
|  24|0x0000000081800000, 0x0000000081900000, 0x0000000081900000|100%|HC|  |TAMS 0x0000000081900000, 0x0000000081800000| Complete 
|  25|0x0000000081900000, 0x0000000081a00000, 0x0000000081a00000|100%|HC|  |TAMS 0x0000000081a00000, 0x0000000081900000| Complete 
|  26|0x0000000081a00000, 0x0000000081b00000, 0x0000000081b00000|100%|HC|  |TAMS 0x0000000081b00000, 0x0000000081a00000| Complete 
|  27|0x0000000081b00000, 0x0000000081c00000, 0x0000000081c00000|100%|HS|  |TAMS 0x0000000081c00000, 0x0000000081b00000| Complete 
|  28|0x0000000081c00000, 0x0000000081d00000, 0x0000000081d00000|100%|HS|  |TAMS 0x0000000081d00000, 0x0000000081c00000| Complete 
|  29|0x0000000081d00000, 0x0000000081e00000, 0x0000000081e00000|100%|HS|  |TAMS 0x0000000081e00000, 0x0000000081d00000| Complete 
|  30|0x0000000081e00000, 0x0000000081f00000, 0x0000000081f00000|100%|HS|  |TAMS 0x0000000081f00000, 0x0000000081e00000| Complete 
|  31|0x0000000081f00000, 0x0000000082000000, 0x0000000082000000|100%|HC|  |TAMS 0x0000000082000000, 0x0000000081f00000| Complete 
|  32|0x0000000082000000, 0x0000000082100000, 0x0000000082100000|100%|HC|  |TAMS 0x0000000082100000, 0x0000000082000000| Complete 
|  33|0x0000000082100000, 0x0000000082200000, 0x0000000082200000|100%|HC|  |TAMS 0x0000000082200000, 0x0000000082100000| Complete 
|  34|0x0000000082200000, 0x0000000082300000, 0x0000000082300000|100%|HC|  |TAMS 0x0000000082300000, 0x0000000082200000| Complete 
|  35|0x0000000082300000, 0x0000000082400000, 0x0000000082400000|100%|HS|  |TAMS 0x0000000082400000, 0x0000000082300000| Complete 
|  36|0x0000000082400000, 0x0000000082500000, 0x0000000082500000|100%|HC|  |TAMS 0x0000000082500000, 0x0000000082400000| Complete 
|  37|0x0000000082500000, 0x0000000082600000, 0x0000000082600000|100%|HC|  |TAMS 0x0000000082600000, 0x0000000082500000| Complete 
|  38|0x0000000082600000, 0x0000000082700000, 0x0000000082700000|100%|HS|  |TAMS 0x0000000082700000, 0x0000000082600000| Complete 
|  39|0x0000000082700000, 0x0000000082800000, 0x0000000082800000|100%|HC|  |TAMS 0x0000000082800000, 0x0000000082700000| Complete 
|  40|0x0000000082800000, 0x0000000082900000, 0x0000000082900000|100%|HC|  |TAMS 0x0000000082900000, 0x0000000082800000| Complete 
|  41|0x0000000082900000, 0x0000000082a00000, 0x0000000082a00000|100%|HS|  |TAMS 0x0000000082a00000, 0x0000000082900000| Complete 
|  42|0x0000000082a00000, 0x0000000082b00000, 0x0000000082b00000|100%|HC|  |TAMS 0x0000000082b00000, 0x0000000082a00000| Complete 
|  43|0x0000000082b00000, 0x0000000082c00000, 0x0000000082c00000|100%| O|  |TAMS 0x0000000082c00000, 0x0000000082b00000| Updating 
|  44|0x0000000082c00000, 0x0000000082d00000, 0x0000000082d00000|100%| O|  |TAMS 0x0000000082d00000, 0x0000000082c00000| Updating 
|  45|0x0000000082d00000, 0x0000000082e00000, 0x0000000082e00000|100%| O|  |TAMS 0x0000000082e00000, 0x0000000082d00000| Updating 
|  46|0x0000000082e00000, 0x0000000082f00000, 0x0000000082f00000|100%| O|  |TAMS 0x0000000082f00000, 0x0000000082e00000| Updating 
|  47|0x0000000082f00000, 0x0000000083000000, 0x0000000083000000|100%| O|  |TAMS 0x0000000083000000, 0x0000000082f00000| Updating 
|  48|0x0000000083000000, 0x0000000083100000, 0x0000000083100000|100%| O|  |TAMS 0x0000000083100000, 0x0000000083000000| Updating 
|  49|0x0000000083100000, 0x0000000083200000, 0x0000000083200000|100%| O|  |TAMS 0x0000000083200000, 0x0000000083100000| Updating 
|  50|0x0000000083200000, 0x0000000083300000, 0x0000000083300000|100%| O|  |TAMS 0x0000000083300000, 0x0000000083200000| Updating 
|  51|0x0000000083300000, 0x0000000083400000, 0x0000000083400000|100%| O|  |TAMS 0x0000000083400000, 0x0000000083300000| Updating 
|  52|0x0000000083400000, 0x0000000083500000, 0x0000000083500000|100%| O|  |TAMS 0x0000000083500000, 0x0000000083400000| Updating 
|  53|0x0000000083500000, 0x0000000083600000, 0x0000000083600000|100%| O|  |TAMS 0x0000000083600000, 0x0000000083500000| Updating 
|  54|0x0000000083600000, 0x0000000083700000, 0x0000000083700000|100%| O|  |TAMS 0x0000000083700000, 0x0000000083600000| Updating 
|  55|0x0000000083700000, 0x0000000083800000, 0x0000000083800000|100%| O|  |TAMS 0x0000000083800000, 0x0000000083700000| Updating 
|  56|0x0000000083800000, 0x0000000083900000, 0x0000000083900000|100%| O|  |TAMS 0x0000000083900000, 0x0000000083800000| Updating 
|  57|0x0000000083900000, 0x0000000083a00000, 0x0000000083a00000|100%| O|  |TAMS 0x0000000083a00000, 0x0000000083900000| Updating 
|  58|0x0000000083a00000, 0x0000000083b00000, 0x0000000083b00000|100%| O|  |TAMS 0x0000000083b00000, 0x0000000083a00000| Updating 
|  59|0x0000000083b00000, 0x0000000083c00000, 0x0000000083c00000|100%| O|  |TAMS 0x0000000083c00000, 0x0000000083b00000| Updating 
|  60|0x0000000083c00000, 0x0000000083d00000, 0x0000000083d00000|100%| O|  |TAMS 0x0000000083d00000, 0x0000000083c00000| Updating 
|  61|0x0000000083d00000, 0x0000000083e00000, 0x0000000083e00000|100%| O|  |TAMS 0x0000000083e00000, 0x0000000083d00000| Updating 
|  62|0x0000000083e00000, 0x0000000083f00000, 0x0000000083f00000|100%| O|  |TAMS 0x0000000083f00000, 0x0000000083e00000| Updating 
|  63|0x0000000083f00000, 0x0000000084000000, 0x0000000084000000|100%| O|  |TAMS 0x0000000084000000, 0x0000000083f00000| Updating 
|  64|0x0000000084000000, 0x0000000084100000, 0x0000000084100000|100%| O|  |TAMS 0x0000000084100000, 0x0000000084000000| Updating 
|  65|0x0000000084100000, 0x0000000084200000, 0x0000000084200000|100%| O|  |TAMS 0x0000000084200000, 0x0000000084100000| Updating 
|  66|0x0000000084200000, 0x0000000084300000, 0x0000000084300000|100%| O|  |TAMS 0x0000000084300000, 0x0000000084200000| Updating 
|  67|0x0000000084300000, 0x0000000084400000, 0x0000000084400000|100%| O|  |TAMS 0x0000000084400000, 0x0000000084300000| Updating 
|  68|0x0000000084400000, 0x0000000084500000, 0x0000000084500000|100%| O|  |TAMS 0x0000000084500000, 0x0000000084400000| Updating 
|  69|0x0000000084500000, 0x0000000084600000, 0x0000000084600000|100%| O|  |TAMS 0x0000000084600000, 0x0000000084500000| Updating 
|  70|0x0000000084600000, 0x0000000084700000, 0x0000000084700000|100%| O|  |TAMS 0x0000000084700000, 0x0000000084600000| Updating 
|  71|0x0000000084700000, 0x0000000084800000, 0x0000000084800000|100%| O|  |TAMS 0x0000000084800000, 0x0000000084700000| Updating 
|  72|0x0000000084800000, 0x0000000084900000, 0x0000000084900000|100%| O|  |TAMS 0x0000000084900000, 0x0000000084800000| Updating 
|  73|0x0000000084900000, 0x0000000084a00000, 0x0000000084a00000|100%| O|  |TAMS 0x0000000084a00000, 0x0000000084900000| Updating 
|  74|0x0000000084a00000, 0x0000000084b00000, 0x0000000084b00000|100%| O|  |TAMS 0x0000000084b00000, 0x0000000084a00000| Updating 
|  75|0x0000000084b00000, 0x0000000084c00000, 0x0000000084c00000|100%| O|  |TAMS 0x0000000084c00000, 0x0000000084b00000| Updating 
|  76|0x0000000084c00000, 0x0000000084d00000, 0x0000000084d00000|100%| O|  |TAMS 0x0000000084d00000, 0x0000000084c00000| Updating 
|  77|0x0000000084d00000, 0x0000000084e00000, 0x0000000084e00000|100%| O|  |TAMS 0x0000000084e00000, 0x0000000084d00000| Updating 
|  78|0x0000000084e00000, 0x0000000084f00000, 0x0000000084f00000|100%| O|  |TAMS 0x0000000084f00000, 0x0000000084e00000| Updating 
|  79|0x0000000084f00000, 0x0000000085000000, 0x0000000085000000|100%| O|  |TAMS 0x0000000085000000, 0x0000000084f00000| Updating 
|  80|0x0000000085000000, 0x0000000085100000, 0x0000000085100000|100%| O|  |TAMS 0x0000000085100000, 0x0000000085000000| Updating 
|  81|0x0000000085100000, 0x0000000085200000, 0x0000000085200000|100%| O|  |TAMS 0x0000000085200000, 0x0000000085100000| Updating 
|  82|0x0000000085200000, 0x0000000085300000, 0x0000000085300000|100%| O|  |TAMS 0x0000000085300000, 0x0000000085200000| Updating 
|  83|0x0000000085300000, 0x0000000085400000, 0x0000000085400000|100%| O|  |TAMS 0x0000000085400000, 0x0000000085300000| Updating 
|  84|0x0000000085400000, 0x0000000085500000, 0x0000000085500000|100%| O|  |TAMS 0x0000000085500000, 0x0000000085400000| Updating 
|  85|0x0000000085500000, 0x0000000085600000, 0x0000000085600000|100%| O|  |TAMS 0x0000000085600000, 0x0000000085500000| Updating 
|  86|0x0000000085600000, 0x0000000085700000, 0x0000000085700000|100%| O|  |TAMS 0x0000000085700000, 0x0000000085600000| Updating 
|  87|0x0000000085700000, 0x0000000085800000, 0x0000000085800000|100%| O|  |TAMS 0x0000000085800000, 0x0000000085700000| Updating 
|  88|0x0000000085800000, 0x0000000085900000, 0x0000000085900000|100%| O|  |TAMS 0x0000000085900000, 0x0000000085800000| Updating 
|  89|0x0000000085900000, 0x0000000085a00000, 0x0000000085a00000|100%| O|  |TAMS 0x0000000085a00000, 0x0000000085900000| Updating 
|  90|0x0000000085a00000, 0x0000000085b00000, 0x0000000085b00000|100%| O|  |TAMS 0x0000000085b00000, 0x0000000085a00000| Updating 
|  91|0x0000000085b00000, 0x0000000085c00000, 0x0000000085c00000|100%| O|  |TAMS 0x0000000085c00000, 0x0000000085b00000| Updating 
|  92|0x0000000085c00000, 0x0000000085d00000, 0x0000000085d00000|100%| O|  |TAMS 0x0000000085d00000, 0x0000000085c00000| Updating 
|  93|0x0000000085d00000, 0x0000000085e00000, 0x0000000085e00000|100%| O|  |TAMS 0x0000000085e00000, 0x0000000085d00000| Updating 
|  94|0x0000000085e00000, 0x0000000085f00000, 0x0000000085f00000|100%| O|  |TAMS 0x0000000085f00000, 0x0000000085e00000| Updating 
|  95|0x0000000085f00000, 0x0000000086000000, 0x0000000086000000|100%| O|  |TAMS 0x0000000086000000, 0x0000000085f00000| Updating 
|  96|0x0000000086000000, 0x0000000086100000, 0x0000000086100000|100%| O|  |TAMS 0x0000000086100000, 0x0000000086000000| Updating 
|  97|0x0000000086100000, 0x0000000086200000, 0x0000000086200000|100%| O|  |TAMS 0x0000000086200000, 0x0000000086100000| Updating 
|  98|0x0000000086200000, 0x0000000086300000, 0x0000000086300000|100%| O|  |TAMS 0x0000000086300000, 0x0000000086200000| Updating 
|  99|0x0000000086300000, 0x0000000086400000, 0x0000000086400000|100%| O|  |TAMS 0x0000000086400000, 0x0000000086300000| Updating 
| 100|0x0000000086400000, 0x0000000086500000, 0x0000000086500000|100%| O|  |TAMS 0x0000000086500000, 0x0000000086400000| Updating 
| 101|0x0000000086500000, 0x0000000086600000, 0x0000000086600000|100%| O|  |TAMS 0x0000000086600000, 0x0000000086500000| Updating 
| 102|0x0000000086600000, 0x0000000086700000, 0x0000000086700000|100%| O|  |TAMS 0x0000000086700000, 0x0000000086600000| Updating 
| 103|0x0000000086700000, 0x0000000086800000, 0x0000000086800000|100%| O|  |TAMS 0x0000000086800000, 0x0000000086700000| Updating 
| 104|0x0000000086800000, 0x0000000086900000, 0x0000000086900000|100%| O|  |TAMS 0x0000000086900000, 0x0000000086800000| Updating 
| 105|0x0000000086900000, 0x0000000086a00000, 0x0000000086a00000|100%| O|  |TAMS 0x0000000086a00000, 0x0000000086900000| Updating 
| 106|0x0000000086a00000, 0x0000000086b00000, 0x0000000086b00000|100%| O|  |TAMS 0x0000000086b00000, 0x0000000086a00000| Updating 
| 107|0x0000000086b00000, 0x0000000086c00000, 0x0000000086c00000|100%|HS|  |TAMS 0x0000000086c00000, 0x0000000086b00000| Complete 
| 108|0x0000000086c00000, 0x0000000086d00000, 0x0000000086d00000|100%| O|  |TAMS 0x0000000086d00000, 0x0000000086c00000| Updating 
| 109|0x0000000086d00000, 0x0000000086e00000, 0x0000000086e00000|100%| O|  |TAMS 0x0000000086e00000, 0x0000000086d00000| Updating 
| 110|0x0000000086e00000, 0x0000000086f00000, 0x0000000086f00000|100%| O|  |TAMS 0x0000000086f00000, 0x0000000086e00000| Updating 
| 111|0x0000000086f00000, 0x0000000087000000, 0x0000000087000000|100%| O|  |TAMS 0x0000000087000000, 0x0000000086f00000| Updating 
| 112|0x0000000087000000, 0x0000000087100000, 0x0000000087100000|100%| O|  |TAMS 0x0000000087100000, 0x0000000087000000| Updating 
| 113|0x0000000087100000, 0x0000000087200000, 0x0000000087200000|100%| O|  |TAMS 0x0000000087200000, 0x0000000087100000| Updating 
| 114|0x0000000087200000, 0x0000000087300000, 0x0000000087300000|100%| O|  |TAMS 0x0000000087300000, 0x0000000087200000| Updating 
| 115|0x0000000087300000, 0x0000000087300000, 0x0000000087400000|  0%| F|  |TAMS 0x0000000087300000, 0x0000000087300000| Untracked 
| 116|0x0000000087400000, 0x0000000087500000, 0x0000000087500000|100%| O|  |TAMS 0x0000000087500000, 0x0000000087400000| Updating 
| 117|0x0000000087500000, 0x0000000087600000, 0x0000000087600000|100%| O|  |TAMS 0x0000000087600000, 0x0000000087500000| Updating 
| 118|0x0000000087600000, 0x0000000087700000, 0x0000000087700000|100%| O|  |TAMS 0x0000000087700000, 0x0000000087600000| Updating 
| 119|0x0000000087700000, 0x0000000087800000, 0x0000000087800000|100%| O|  |TAMS 0x0000000087800000, 0x0000000087700000| Updating 
| 120|0x0000000087800000, 0x0000000087900000, 0x0000000087900000|100%| O|  |TAMS 0x0000000087900000, 0x0000000087800000| Updating 
| 121|0x0000000087900000, 0x0000000087a00000, 0x0000000087a00000|100%| O|  |TAMS 0x0000000087a00000, 0x0000000087900000| Updating 
| 122|0x0000000087a00000, 0x0000000087b00000, 0x0000000087b00000|100%| O|  |TAMS 0x0000000087b00000, 0x0000000087a00000| Updating 
| 123|0x0000000087b00000, 0x0000000087c00000, 0x0000000087c00000|100%| O|  |TAMS 0x0000000087c00000, 0x0000000087b00000| Updating 
| 124|0x0000000087c00000, 0x0000000087d00000, 0x0000000087d00000|100%| O|  |TAMS 0x0000000087d00000, 0x0000000087c00000| Updating 
| 125|0x0000000087d00000, 0x0000000087d53800, 0x0000000087e00000| 32%| O|  |TAMS 0x0000000087d53800, 0x0000000087d00000| Updating 
| 126|0x0000000087e00000, 0x0000000087f00000, 0x0000000087f00000|100%| O|  |TAMS 0x0000000087f00000, 0x0000000087e00000| Updating 
| 127|0x0000000087f00000, 0x0000000088000000, 0x0000000088000000|100%| O|  |TAMS 0x0000000088000000, 0x0000000087f00000| Updating 
| 128|0x0000000088000000, 0x0000000088100000, 0x0000000088100000|100%| O|  |TAMS 0x0000000088100000, 0x0000000088000000| Updating 
| 129|0x0000000088100000, 0x0000000088200000, 0x0000000088200000|100%| O|  |TAMS 0x0000000088200000, 0x0000000088100000| Updating 
| 130|0x0000000088200000, 0x0000000088300000, 0x0000000088300000|100%| O|  |TAMS 0x0000000088300000, 0x0000000088200000| Updating 
| 131|0x0000000088300000, 0x0000000088400000, 0x0000000088400000|100%| O|  |TAMS 0x0000000088400000, 0x0000000088300000| Updating 
| 132|0x0000000088400000, 0x0000000088400000, 0x0000000088500000|  0%| F|  |TAMS 0x0000000088400000, 0x0000000088400000| Untracked 
| 133|0x0000000088500000, 0x0000000088600000, 0x0000000088600000|100%| O|  |TAMS 0x0000000088600000, 0x0000000088500000| Updating 
| 134|0x0000000088600000, 0x0000000088700000, 0x0000000088700000|100%| O|  |TAMS 0x0000000088700000, 0x0000000088600000| Updating 
| 135|0x0000000088700000, 0x0000000088800000, 0x0000000088800000|100%| O|  |TAMS 0x0000000088800000, 0x0000000088700000| Updating 
| 136|0x0000000088800000, 0x0000000088900000, 0x0000000088900000|100%| O|  |TAMS 0x0000000088900000, 0x0000000088800000| Updating 
| 137|0x0000000088900000, 0x0000000088a00000, 0x0000000088a00000|100%| O|  |TAMS 0x0000000088a00000, 0x0000000088900000| Updating 
| 138|0x0000000088a00000, 0x0000000088b00000, 0x0000000088b00000|100%| O|  |TAMS 0x0000000088b00000, 0x0000000088a00000| Updating 
| 139|0x0000000088b00000, 0x0000000088c00000, 0x0000000088c00000|100%| O|  |TAMS 0x0000000088c00000, 0x0000000088b00000| Updating 
| 140|0x0000000088c00000, 0x0000000088d00000, 0x0000000088d00000|100%| O|  |TAMS 0x0000000088d00000, 0x0000000088c00000| Updating 
| 141|0x0000000088d00000, 0x0000000088e00000, 0x0000000088e00000|100%| O|  |TAMS 0x0000000088e00000, 0x0000000088d00000| Updating 
| 142|0x0000000088e00000, 0x0000000088f00000, 0x0000000088f00000|100%| O|  |TAMS 0x0000000088f00000, 0x0000000088e00000| Updating 
| 143|0x0000000088f00000, 0x0000000089000000, 0x0000000089000000|100%| O|  |TAMS 0x0000000089000000, 0x0000000088f00000| Updating 
| 144|0x0000000089000000, 0x0000000089100000, 0x0000000089100000|100%| O|  |TAMS 0x0000000089100000, 0x0000000089000000| Updating 
| 145|0x0000000089100000, 0x0000000089200000, 0x0000000089200000|100%| O|  |TAMS 0x0000000089200000, 0x0000000089100000| Updating 
| 146|0x0000000089200000, 0x0000000089300000, 0x0000000089300000|100%| O|  |TAMS 0x0000000089300000, 0x0000000089200000| Updating 
| 147|0x0000000089300000, 0x0000000089400000, 0x0000000089400000|100%| O|  |TAMS 0x0000000089400000, 0x0000000089300000| Updating 
| 148|0x0000000089400000, 0x0000000089500000, 0x0000000089500000|100%| O|  |TAMS 0x0000000089500000, 0x0000000089400000| Updating 
| 149|0x0000000089500000, 0x0000000089500000, 0x0000000089600000|  0%| F|  |TAMS 0x0000000089500000, 0x0000000089500000| Untracked 
| 150|0x0000000089600000, 0x0000000089700000, 0x0000000089700000|100%| O|  |TAMS 0x0000000089700000, 0x0000000089600000| Updating 
| 151|0x0000000089700000, 0x0000000089800000, 0x0000000089800000|100%| O|  |TAMS 0x0000000089800000, 0x0000000089700000| Updating 
| 152|0x0000000089800000, 0x0000000089900000, 0x0000000089900000|100%| O|  |TAMS 0x0000000089900000, 0x0000000089800000| Updating 
| 153|0x0000000089900000, 0x0000000089a00000, 0x0000000089a00000|100%| O|  |TAMS 0x0000000089a00000, 0x0000000089900000| Updating 
| 154|0x0000000089a00000, 0x0000000089b00000, 0x0000000089b00000|100%| O|  |TAMS 0x0000000089b00000, 0x0000000089a00000| Updating 
| 155|0x0000000089b00000, 0x0000000089c00000, 0x0000000089c00000|100%| O|  |TAMS 0x0000000089c00000, 0x0000000089b00000| Updating 
| 156|0x0000000089c00000, 0x0000000089d00000, 0x0000000089d00000|100%| O|  |TAMS 0x0000000089d00000, 0x0000000089c00000| Updating 
| 157|0x0000000089d00000, 0x0000000089e00000, 0x0000000089e00000|100%| O|  |TAMS 0x0000000089e00000, 0x0000000089d00000| Updating 
| 158|0x0000000089e00000, 0x0000000089f00000, 0x0000000089f00000|100%| O|  |TAMS 0x0000000089f00000, 0x0000000089e00000| Complete 
| 159|0x0000000089f00000, 0x000000008a000000, 0x000000008a000000|100%| O|  |TAMS 0x000000008a000000, 0x0000000089f00000| Complete 
| 160|0x000000008a000000, 0x000000008a100000, 0x000000008a100000|100%| O|  |TAMS 0x000000008a100000, 0x000000008a000000| Complete 
| 161|0x000000008a100000, 0x000000008a200000, 0x000000008a200000|100%| O|  |TAMS 0x000000008a200000, 0x000000008a100000| Untracked 
| 162|0x000000008a200000, 0x000000008a300000, 0x000000008a300000|100%| O|  |TAMS 0x000000008a300000, 0x000000008a200000| Untracked 
| 163|0x000000008a300000, 0x000000008a400000, 0x000000008a400000|100%| O|  |TAMS 0x000000008a400000, 0x000000008a300000| Untracked 
| 164|0x000000008a400000, 0x000000008a500000, 0x000000008a500000|100%| O|  |TAMS 0x000000008a500000, 0x000000008a400000| Complete 
| 165|0x000000008a500000, 0x000000008a500000, 0x000000008a600000|  0%| F|  |TAMS 0x000000008a500000, 0x000000008a500000| Untracked 
| 166|0x000000008a600000, 0x000000008a600000, 0x000000008a700000|  0%| F|  |TAMS 0x000000008a600000, 0x000000008a600000| Untracked 
| 167|0x000000008a700000, 0x000000008a700000, 0x000000008a800000|  0%| F|  |TAMS 0x000000008a700000, 0x000000008a700000| Untracked 
| 168|0x000000008a800000, 0x000000008a800000, 0x000000008a900000|  0%| F|  |TAMS 0x000000008a800000, 0x000000008a800000| Untracked 
| 169|0x000000008a900000, 0x000000008a900000, 0x000000008aa00000|  0%| F|  |TAMS 0x000000008a900000, 0x000000008a900000| Untracked 
| 170|0x000000008aa00000, 0x000000008aa00000, 0x000000008ab00000|  0%| F|  |TAMS 0x000000008aa00000, 0x000000008aa00000| Untracked 
| 171|0x000000008ab00000, 0x000000008ab00000, 0x000000008ac00000|  0%| F|  |TAMS 0x000000008ab00000, 0x000000008ab00000| Untracked 
| 172|0x000000008ac00000, 0x000000008ac00000, 0x000000008ad00000|  0%| F|  |TAMS 0x000000008ac00000, 0x000000008ac00000| Untracked 
| 173|0x000000008ad00000, 0x000000008ad00000, 0x000000008ae00000|  0%| F|  |TAMS 0x000000008ad00000, 0x000000008ad00000| Untracked 
| 174|0x000000008ae00000, 0x000000008ae00000, 0x000000008af00000|  0%| F|  |TAMS 0x000000008ae00000, 0x000000008ae00000| Untracked 
| 175|0x000000008af00000, 0x000000008af00000, 0x000000008b000000|  0%| F|  |TAMS 0x000000008af00000, 0x000000008af00000| Untracked 
| 176|0x000000008b000000, 0x000000008b000000, 0x000000008b100000|  0%| F|  |TAMS 0x000000008b000000, 0x000000008b000000| Untracked 
| 177|0x000000008b100000, 0x000000008b100000, 0x000000008b200000|  0%| F|  |TAMS 0x000000008b100000, 0x000000008b100000| Untracked 
| 178|0x000000008b200000, 0x000000008b200000, 0x000000008b300000|  0%| F|  |TAMS 0x000000008b200000, 0x000000008b200000| Untracked 
| 179|0x000000008b300000, 0x000000008b300000, 0x000000008b400000|  0%| F|  |TAMS 0x000000008b300000, 0x000000008b300000| Untracked 
| 180|0x000000008b400000, 0x000000008b400000, 0x000000008b500000|  0%| F|  |TAMS 0x000000008b400000, 0x000000008b400000| Untracked 
| 181|0x000000008b500000, 0x000000008b500000, 0x000000008b600000|  0%| F|  |TAMS 0x000000008b500000, 0x000000008b500000| Untracked 
| 182|0x000000008b600000, 0x000000008b600000, 0x000000008b700000|  0%| F|  |TAMS 0x000000008b600000, 0x000000008b600000| Untracked 
| 183|0x000000008b700000, 0x000000008b700000, 0x000000008b800000|  0%| F|  |TAMS 0x000000008b700000, 0x000000008b700000| Untracked 
| 184|0x000000008b800000, 0x000000008b800000, 0x000000008b900000|  0%| F|  |TAMS 0x000000008b800000, 0x000000008b800000| Untracked 
| 185|0x000000008b900000, 0x000000008b900000, 0x000000008ba00000|  0%| F|  |TAMS 0x000000008b900000, 0x000000008b900000| Untracked 
| 186|0x000000008ba00000, 0x000000008ba00000, 0x000000008bb00000|  0%| F|  |TAMS 0x000000008ba00000, 0x000000008ba00000| Untracked 
| 187|0x000000008bb00000, 0x000000008bb00000, 0x000000008bc00000|  0%| F|  |TAMS 0x000000008bb00000, 0x000000008bb00000| Untracked 
| 188|0x000000008bc00000, 0x000000008bc00000, 0x000000008bd00000|  0%| F|  |TAMS 0x000000008bc00000, 0x000000008bc00000| Untracked 
| 189|0x000000008bd00000, 0x000000008bd00000, 0x000000008be00000|  0%| F|  |TAMS 0x000000008bd00000, 0x000000008bd00000| Untracked 
| 190|0x000000008be00000, 0x000000008be00000, 0x000000008bf00000|  0%| F|  |TAMS 0x000000008be00000, 0x000000008be00000| Untracked 
| 191|0x000000008bf00000, 0x000000008bf00000, 0x000000008c000000|  0%| F|  |TAMS 0x000000008bf00000, 0x000000008bf00000| Untracked 
| 192|0x000000008c000000, 0x000000008c000000, 0x000000008c100000|  0%| F|  |TAMS 0x000000008c000000, 0x000000008c000000| Untracked 
| 193|0x000000008c100000, 0x000000008c100000, 0x000000008c200000|  0%| F|  |TAMS 0x000000008c100000, 0x000000008c100000| Untracked 
| 194|0x000000008c200000, 0x000000008c200000, 0x000000008c300000|  0%| F|  |TAMS 0x000000008c200000, 0x000000008c200000| Untracked 
| 195|0x000000008c300000, 0x000000008c300000, 0x000000008c400000|  0%| F|  |TAMS 0x000000008c300000, 0x000000008c300000| Untracked 
| 196|0x000000008c400000, 0x000000008c400000, 0x000000008c500000|  0%| F|  |TAMS 0x000000008c400000, 0x000000008c400000| Untracked 
| 197|0x000000008c500000, 0x000000008c500000, 0x000000008c600000|  0%| F|  |TAMS 0x000000008c500000, 0x000000008c500000| Untracked 
| 198|0x000000008c600000, 0x000000008c600000, 0x000000008c700000|  0%| F|  |TAMS 0x000000008c600000, 0x000000008c600000| Untracked 
| 199|0x000000008c700000, 0x000000008c700000, 0x000000008c800000|  0%| F|  |TAMS 0x000000008c700000, 0x000000008c700000| Untracked 
| 200|0x000000008c800000, 0x000000008c800000, 0x000000008c900000|  0%| F|  |TAMS 0x000000008c800000, 0x000000008c800000| Untracked 
| 201|0x000000008c900000, 0x000000008c900000, 0x000000008ca00000|  0%| F|  |TAMS 0x000000008c900000, 0x000000008c900000| Untracked 
| 202|0x000000008ca00000, 0x000000008ca00000, 0x000000008cb00000|  0%| F|  |TAMS 0x000000008ca00000, 0x000000008ca00000| Untracked 
| 203|0x000000008cb00000, 0x000000008cb00000, 0x000000008cc00000|  0%| F|  |TAMS 0x000000008cb00000, 0x000000008cb00000| Untracked 
| 204|0x000000008cc00000, 0x000000008cc00000, 0x000000008cd00000|  0%| F|  |TAMS 0x000000008cc00000, 0x000000008cc00000| Untracked 
| 205|0x000000008cd00000, 0x000000008cdc6760, 0x000000008ce00000| 77%| S|CS|TAMS 0x000000008cd00000, 0x000000008cd00000| Complete 
| 206|0x000000008ce00000, 0x000000008cf00000, 0x000000008cf00000|100%| S|CS|TAMS 0x000000008ce00000, 0x000000008ce00000| Complete 
| 207|0x000000008cf00000, 0x000000008cf00000, 0x000000008d000000|  0%| F|  |TAMS 0x000000008cf00000, 0x000000008cf00000| Untracked 
| 208|0x000000008d000000, 0x000000008d000000, 0x000000008d100000|  0%| F|  |TAMS 0x000000008d000000, 0x000000008d000000| Untracked 
| 209|0x000000008d100000, 0x000000008d100000, 0x000000008d200000|  0%| F|  |TAMS 0x000000008d100000, 0x000000008d100000| Untracked 
| 210|0x000000008d200000, 0x000000008d200000, 0x000000008d300000|  0%| F|  |TAMS 0x000000008d200000, 0x000000008d200000| Untracked 
| 211|0x000000008d300000, 0x000000008d300000, 0x000000008d400000|  0%| F|  |TAMS 0x000000008d300000, 0x000000008d300000| Untracked 
| 212|0x000000008d400000, 0x000000008d400000, 0x000000008d500000|  0%| F|  |TAMS 0x000000008d400000, 0x000000008d400000| Untracked 
| 213|0x000000008d500000, 0x000000008d500000, 0x000000008d600000|  0%| F|  |TAMS 0x000000008d500000, 0x000000008d500000| Untracked 
| 214|0x000000008d600000, 0x000000008d600000, 0x000000008d700000|  0%| F|  |TAMS 0x000000008d600000, 0x000000008d600000| Untracked 
| 215|0x000000008d700000, 0x000000008d700000, 0x000000008d800000|  0%| F|  |TAMS 0x000000008d700000, 0x000000008d700000| Untracked 
| 216|0x000000008d800000, 0x000000008d800000, 0x000000008d900000|  0%| F|  |TAMS 0x000000008d800000, 0x000000008d800000| Untracked 
| 217|0x000000008d900000, 0x000000008d900000, 0x000000008da00000|  0%| F|  |TAMS 0x000000008d900000, 0x000000008d900000| Untracked 
| 218|0x000000008da00000, 0x000000008da00000, 0x000000008db00000|  0%| F|  |TAMS 0x000000008da00000, 0x000000008da00000| Untracked 
| 219|0x000000008db00000, 0x000000008db00000, 0x000000008dc00000|  0%| F|  |TAMS 0x000000008db00000, 0x000000008db00000| Untracked 
| 220|0x000000008dc00000, 0x000000008dc00000, 0x000000008dd00000|  0%| F|  |TAMS 0x000000008dc00000, 0x000000008dc00000| Untracked 
| 221|0x000000008dd00000, 0x000000008dd00000, 0x000000008de00000|  0%| F|  |TAMS 0x000000008dd00000, 0x000000008dd00000| Untracked 
| 222|0x000000008de00000, 0x000000008de00000, 0x000000008df00000|  0%| F|  |TAMS 0x000000008de00000, 0x000000008de00000| Untracked 
| 223|0x000000008df00000, 0x000000008df00000, 0x000000008e000000|  0%| F|  |TAMS 0x000000008df00000, 0x000000008df00000| Untracked 
| 224|0x000000008e000000, 0x000000008e000000, 0x000000008e100000|  0%| F|  |TAMS 0x000000008e000000, 0x000000008e000000| Untracked 
| 225|0x000000008e100000, 0x000000008e100000, 0x000000008e200000|  0%| F|  |TAMS 0x000000008e100000, 0x000000008e100000| Untracked 
| 226|0x000000008e200000, 0x000000008e200000, 0x000000008e300000|  0%| F|  |TAMS 0x000000008e200000, 0x000000008e200000| Untracked 
| 227|0x000000008e300000, 0x000000008e300000, 0x000000008e400000|  0%| F|  |TAMS 0x000000008e300000, 0x000000008e300000| Untracked 
| 228|0x000000008e400000, 0x000000008e400000, 0x000000008e500000|  0%| F|  |TAMS 0x000000008e400000, 0x000000008e400000| Untracked 
| 229|0x000000008e500000, 0x000000008e580800, 0x000000008e600000| 50%| E|  |TAMS 0x000000008e500000, 0x000000008e500000| Complete 
| 230|0x000000008e600000, 0x000000008e700000, 0x000000008e700000|100%| E|CS|TAMS 0x000000008e600000, 0x000000008e600000| Complete 
| 231|0x000000008e700000, 0x000000008e800000, 0x000000008e800000|100%| E|CS|TAMS 0x000000008e700000, 0x000000008e700000| Complete 
| 232|0x000000008e800000, 0x000000008e900000, 0x000000008e900000|100%| E|CS|TAMS 0x000000008e800000, 0x000000008e800000| Complete 
| 233|0x000000008e900000, 0x000000008ea00000, 0x000000008ea00000|100%| E|CS|TAMS 0x000000008e900000, 0x000000008e900000| Complete 
| 234|0x000000008ea00000, 0x000000008eb00000, 0x000000008eb00000|100%| E|CS|TAMS 0x000000008ea00000, 0x000000008ea00000| Complete 
| 235|0x000000008eb00000, 0x000000008ec00000, 0x000000008ec00000|100%| E|CS|TAMS 0x000000008eb00000, 0x000000008eb00000| Complete 
| 236|0x000000008ec00000, 0x000000008ed00000, 0x000000008ed00000|100%| E|CS|TAMS 0x000000008ec00000, 0x000000008ec00000| Complete 
| 237|0x000000008ed00000, 0x000000008ee00000, 0x000000008ee00000|100%| E|CS|TAMS 0x000000008ed00000, 0x000000008ed00000| Complete 
| 238|0x000000008ee00000, 0x000000008ef00000, 0x000000008ef00000|100%| E|CS|TAMS 0x000000008ee00000, 0x000000008ee00000| Complete 
| 239|0x000000008ef00000, 0x000000008f000000, 0x000000008f000000|100%| E|CS|TAMS 0x000000008ef00000, 0x000000008ef00000| Complete 
| 240|0x000000008f000000, 0x000000008f100000, 0x000000008f100000|100%| E|CS|TAMS 0x000000008f000000, 0x000000008f000000| Complete 
| 241|0x000000008f100000, 0x000000008f200000, 0x000000008f200000|100%| E|CS|TAMS 0x000000008f100000, 0x000000008f100000| Complete 
| 242|0x000000008f200000, 0x000000008f300000, 0x000000008f300000|100%| E|CS|TAMS 0x000000008f200000, 0x000000008f200000| Complete 
| 243|0x000000008f300000, 0x000000008f400000, 0x000000008f400000|100%| E|CS|TAMS 0x000000008f300000, 0x000000008f300000| Complete 
| 244|0x000000008f400000, 0x000000008f500000, 0x000000008f500000|100%| E|CS|TAMS 0x000000008f400000, 0x000000008f400000| Complete 
| 245|0x000000008f500000, 0x000000008f600000, 0x000000008f600000|100%| E|CS|TAMS 0x000000008f500000, 0x000000008f500000| Complete 
| 246|0x000000008f600000, 0x000000008f700000, 0x000000008f700000|100%| E|CS|TAMS 0x000000008f600000, 0x000000008f600000| Complete 
| 247|0x000000008f700000, 0x000000008f800000, 0x000000008f800000|100%| E|CS|TAMS 0x000000008f700000, 0x000000008f700000| Complete 
| 248|0x000000008f800000, 0x000000008f900000, 0x000000008f900000|100%| E|CS|TAMS 0x000000008f800000, 0x000000008f800000| Complete 
| 249|0x000000008f900000, 0x000000008fa00000, 0x000000008fa00000|100%| E|CS|TAMS 0x000000008f900000, 0x000000008f900000| Complete 
| 250|0x000000008fa00000, 0x000000008fb00000, 0x000000008fb00000|100%| E|CS|TAMS 0x000000008fa00000, 0x000000008fa00000| Complete 
| 251|0x000000008fb00000, 0x000000008fc00000, 0x000000008fc00000|100%| E|CS|TAMS 0x000000008fb00000, 0x000000008fb00000| Complete 
| 252|0x000000008fc00000, 0x000000008fd00000, 0x000000008fd00000|100%| E|CS|TAMS 0x000000008fc00000, 0x000000008fc00000| Complete 
| 253|0x000000008fd00000, 0x000000008fe00000, 0x000000008fe00000|100%| E|CS|TAMS 0x000000008fd00000, 0x000000008fd00000| Complete 
| 254|0x000000008fe00000, 0x000000008ff00000, 0x000000008ff00000|100%| E|CS|TAMS 0x000000008fe00000, 0x000000008fe00000| Complete 
| 255|0x000000008ff00000, 0x0000000090000000, 0x0000000090000000|100%| E|CS|TAMS 0x000000008ff00000, 0x000000008ff00000| Complete 

Card table byte_map: [0x000001dd49850000,0x000001dd49c50000] _byte_map_base: 0x000001dd49450000

Marking Bits (Prev, Next): (CMBitMap*) 0x000001dd35d0fc10, (CMBitMap*) 0x000001dd35d0fbd8
 Prev Bits: [0x000001dd4c050000, 0x000001dd4e050000)
 Next Bits: [0x000001dd4a050000, 0x000001dd4c050000)

Polling page: 0x000001dd342b0000

Metaspace:

Usage:
  Non-class:    109.84 MB capacity,   107.57 MB ( 98%) used,     1.89 MB (  2%) free+waste,   384.38 KB ( <1%) overhead. 
      Class:     16.92 MB capacity,    15.60 MB ( 92%) used,     1.15 MB (  7%) free+waste,   174.31 KB (  1%) overhead. 
       Both:    126.76 MB capacity,   123.17 MB ( 97%) used,     3.04 MB (  2%) free+waste,   558.69 KB ( <1%) overhead. 

Virtual space:
  Non-class space:      112.00 MB reserved,     110.50 MB ( 99%) committed 
      Class space:        1.00 GB reserved,      17.25 MB (  2%) committed 
             Both:        1.11 GB reserved,     127.75 MB ( 11%) committed 

Chunk freelists:
   Non-Class:  612.00 KB
       Class:  341.00 KB
        Both:  953.00 KB

MaxMetaspaceSize: 17179869184.00 GB
CompressedClassSpaceSize: 1.00 GB

CodeHeap 'non-profiled nmethods': size=120000Kb used=12169Kb max_used=12169Kb free=107830Kb
 bounds [0x000001dd41290000, 0x000001dd41e80000, 0x000001dd487c0000]
CodeHeap 'profiled nmethods': size=120000Kb used=40623Kb max_used=40623Kb free=79376Kb
 bounds [0x000001dd39d60000, 0x000001dd3c510000, 0x000001dd41290000]
CodeHeap 'non-nmethods': size=5760Kb used=2371Kb max_used=2436Kb free=3388Kb
 bounds [0x000001dd397c0000, 0x000001dd39a40000, 0x000001dd39d60000]
 total_blobs=18834 nmethods=17835 adapters=909
 compilation: enabled
              stopped_count=0, restarted_count=0
 full_count=0

Compilation events (20 events):
Event: 577.837 Thread 0x000001dd51638800 17893       3       jdk.internal.reflect.ReflectionFactory::newFieldAccessor (43 bytes)
Event: 577.837 Thread 0x000001dd51638800 nmethod 17893 0x000001dd3c4fbf90 code [0x000001dd3c4fc180, 0x000001dd3c4fc518]
Event: 577.837 Thread 0x000001dd51638800 17894       3       sun.nio.cs.UTF_8$Encoder::canEncode (13 bytes)
Event: 577.838 Thread 0x000001dd51638800 nmethod 17894 0x000001dd3c4fc710 code [0x000001dd3c4fc8c0, 0x000001dd3c4fcb18]
Event: 577.843 Thread 0x000001dd51638800 17896       3       org.apache.xerces.dom.CharacterDataImpl::getNodeValue (16 bytes)
Event: 577.852 Thread 0x000001dd51638800 nmethod 17896 0x000001dd3c4fcc10 code [0x000001dd3c4fcde0, 0x000001dd3c4fd0a8]
Event: 577.852 Thread 0x000001dd51638800 17898       3       org.apache.xerces.dom.AttrImpl::setValue (369 bytes)
Event: 577.854 Thread 0x000001dd51638800 nmethod 17898 0x000001dd3c4fd190 code [0x000001dd3c4fd6a0, 0x000001dd3c500f28]
Event: 577.854 Thread 0x000001dd51638800 17903       3       org.apache.xerces.dom.CoreDocumentImpl::createElement (48 bytes)
Event: 577.854 Thread 0x000001dd51638800 nmethod 17903 0x000001dd3c501c10 code [0x000001dd3c501e60, 0x000001dd3c502658]
Event: 577.854 Thread 0x000001dd51638800 17902       3       org.apache.xerces.dom.AttrImpl::getName (16 bytes)
Event: 577.854 Thread 0x000001dd51638800 nmethod 17902 0x000001dd3c502910 code [0x000001dd3c502ae0, 0x000001dd3c502da8]
Event: 577.854 Thread 0x000001dd51638800 17906       3       com.android.ide.common.resources.NodeUtils::addAttribute (71 bytes)
Event: 577.855 Thread 0x000001dd51638800 nmethod 17906 0x000001dd3c502e90 code [0x000001dd3c5030c0, 0x000001dd3c5037c8]
Event: 577.855 Thread 0x000001dd51638800 17907       3       com.android.ide.common.resources.NodeUtils::duplicateNode (315 bytes)
Event: 577.855 Thread 0x000001dd51638800 nmethod 17907 0x000001dd3c503a10 code [0x000001dd3c503e00, 0x000001dd3c505a08]
Event: 577.856 Thread 0x000001dd51638800 17909       3       com.android.ide.common.resources.ResourceMergerItem::getDetailsXml (9 bytes)
Event: 577.856 Thread 0x000001dd51638800 nmethod 17909 0x000001dd3c506090 code [0x000001dd3c506260, 0x000001dd3c506438]
Event: 577.856 Thread 0x000001dd51638800 17910       3       com.android.ide.common.resources.NodeUtils::duplicateAndAdoptNode (13 bytes)
Event: 577.856 Thread 0x000001dd51638800 nmethod 17910 0x000001dd3c506510 code [0x000001dd3c5066e0, 0x000001dd3c506838]

GC Heap History (20 events):
Event: 532.992 GC heap before
{Heap before GC invocations=16 (full 0):
 garbage-first heap   total 262144K, used 214634K [0x0000000080000000, 0x0000000100000000)
  region size 1024K, 109 young (111616K), 12 survivors (12288K)
 Metaspace       used 113708K, capacity 116987K, committed 117248K, reserved 1150976K
  class space    used 14772K, capacity 16008K, committed 16128K, reserved 1048576K
}
Event: 533.001 GC heap after
{Heap after GC invocations=17 (full 0):
 garbage-first heap   total 262144K, used 122383K [0x0000000080000000, 0x0000000100000000)
  region size 1024K, 12 young (12288K), 12 survivors (12288K)
 Metaspace       used 113708K, capacity 116987K, committed 117248K, reserved 1150976K
  class space    used 14772K, capacity 16008K, committed 16128K, reserved 1048576K
}
Event: 533.908 GC heap before
{Heap before GC invocations=17 (full 0):
 garbage-first heap   total 262144K, used 216591K [0x0000000080000000, 0x0000000100000000)
  region size 1024K, 104 young (106496K), 12 survivors (12288K)
 Metaspace       used 117587K, capacity 121247K, committed 121472K, reserved 1155072K
  class space    used 15162K, capacity 16480K, committed 16512K, reserved 1048576K
}
Event: 533.918 GC heap after
{Heap after GC invocations=18 (full 0):
 garbage-first heap   total 262144K, used 129618K [0x0000000080000000, 0x0000000100000000)
  region size 1024K, 13 young (13312K), 13 survivors (13312K)
 Metaspace       used 117587K, capacity 121247K, committed 121472K, reserved 1155072K
  class space    used 15162K, capacity 16480K, committed 16512K, reserved 1048576K
}
Event: 575.246 GC heap before
{Heap before GC invocations=18 (full 0):
 garbage-first heap   total 262144K, used 215634K [0x0000000080000000, 0x0000000100000000)
  region size 1024K, 98 young (100352K), 13 survivors (13312K)
 Metaspace       used 118943K, capacity 123044K, committed 123392K, reserved 1155072K
  class space    used 15313K, capacity 16791K, committed 16896K, reserved 1048576K
}
Event: 575.257 GC heap after
{Heap after GC invocations=19 (full 0):
 garbage-first heap   total 262144K, used 136440K [0x0000000080000000, 0x0000000100000000)
  region size 1024K, 8 young (8192K), 8 survivors (8192K)
 Metaspace       used 118943K, capacity 123044K, committed 123392K, reserved 1155072K
  class space    used 15313K, capacity 16791K, committed 16896K, reserved 1048576K
}
Event: 575.865 GC heap before
{Heap before GC invocations=19 (full 0):
 garbage-first heap   total 262144K, used 216312K [0x0000000080000000, 0x0000000100000000)
  region size 1024K, 87 young (89088K), 8 survivors (8192K)
 Metaspace       used 121225K, capacity 125496K, committed 125696K, reserved 1157120K
  class space    used 15608K, capacity 17142K, committed 17152K, reserved 1048576K
}
Event: 575.879 GC heap after
{Heap after GC invocations=20 (full 0):
 garbage-first heap   total 262144K, used 143079K [0x0000000080000000, 0x0000000100000000)
  region size 1024K, 7 young (7168K), 7 survivors (7168K)
 Metaspace       used 121225K, capacity 125496K, committed 125696K, reserved 1157120K
  class space    used 15608K, capacity 17142K, committed 17152K, reserved 1048576K
}
Event: 576.596 GC heap before
{Heap before GC invocations=21 (full 0):
 garbage-first heap   total 262144K, used 219879K [0x0000000080000000, 0x0000000100000000)
  region size 1024K, 81 young (82944K), 7 survivors (7168K)
 Metaspace       used 122538K, capacity 126314K, committed 127488K, reserved 1159168K
  class space    used 15574K, capacity 16949K, committed 17408K, reserved 1048576K
}
Event: 576.610 GC heap after
{Heap after GC invocations=22 (full 0):
 garbage-first heap   total 262144K, used 162787K [0x0000000080000000, 0x0000000100000000)
  region size 1024K, 11 young (11264K), 11 survivors (11264K)
 Metaspace       used 122538K, capacity 126314K, committed 127488K, reserved 1159168K
  class space    used 15574K, capacity 16949K, committed 17408K, reserved 1048576K
}
Event: 576.617 GC heap before
{Heap before GC invocations=22 (full 0):
 garbage-first heap   total 262144K, used 163811K [0x0000000080000000, 0x0000000100000000)
  region size 1024K, 12 young (12288K), 11 survivors (11264K)
 Metaspace       used 122538K, capacity 126314K, committed 127488K, reserved 1159168K
  class space    used 15574K, capacity 16949K, committed 17408K, reserved 1048576K
}
Event: 576.625 GC heap after
{Heap after GC invocations=23 (full 0):
 garbage-first heap   total 262144K, used 154440K [0x0000000080000000, 0x0000000100000000)
  region size 1024K, 2 young (2048K), 2 survivors (2048K)
 Metaspace       used 122538K, capacity 126314K, committed 127488K, reserved 1159168K
  class space    used 15574K, capacity 16949K, committed 17408K, reserved 1048576K
}
Event: 576.638 GC heap before
{Heap before GC invocations=23 (full 0):
 garbage-first heap   total 262144K, used 155464K [0x0000000080000000, 0x0000000100000000)
  region size 1024K, 4 young (4096K), 2 survivors (2048K)
 Metaspace       used 122545K, capacity 126314K, committed 127488K, reserved 1159168K
  class space    used 15574K, capacity 16949K, committed 17408K, reserved 1048576K
}
Event: 576.641 GC heap after
{Heap after GC invocations=24 (full 0):
 garbage-first heap   total 262144K, used 154087K [0x0000000080000000, 0x0000000100000000)
  region size 1024K, 2 young (2048K), 2 survivors (2048K)
 Metaspace       used 122545K, capacity 126314K, committed 127488K, reserved 1159168K
  class space    used 15574K, capacity 16949K, committed 17408K, reserved 1048576K
}
Event: 577.275 GC heap before
{Heap before GC invocations=25 (full 0):
 garbage-first heap   total 262144K, used 223719K [0x0000000080000000, 0x0000000100000000)
  region size 1024K, 59 young (60416K), 2 survivors (2048K)
 Metaspace       used 123202K, capacity 126922K, committed 128000K, reserved 1159168K
  class space    used 15624K, capacity 16961K, committed 17408K, reserved 1048576K
}
Event: 577.282 GC heap after
{Heap after GC invocations=26 (full 0):
 garbage-first heap   total 262144K, used 166752K [0x0000000080000000, 0x0000000100000000)
  region size 1024K, 8 young (8192K), 8 survivors (8192K)
 Metaspace       used 123202K, capacity 126922K, committed 128000K, reserved 1159168K
  class space    used 15624K, capacity 16961K, committed 17408K, reserved 1048576K
}
Event: 577.330 GC heap before
{Heap before GC invocations=26 (full 0):
 garbage-first heap   total 262144K, used 170848K [0x0000000080000000, 0x0000000100000000)
  region size 1024K, 12 young (12288K), 8 survivors (8192K)
 Metaspace       used 123205K, capacity 126922K, committed 128000K, reserved 1159168K
  class space    used 15624K, capacity 16961K, committed 17408K, reserved 1048576K
}
Event: 577.336 GC heap after
{Heap after GC invocations=27 (full 0):
 garbage-first heap   total 262144K, used 166347K [0x0000000080000000, 0x0000000100000000)
  region size 1024K, 2 young (2048K), 2 survivors (2048K)
 Metaspace       used 123205K, capacity 126922K, committed 128000K, reserved 1159168K
  class space    used 15624K, capacity 16961K, committed 17408K, reserved 1048576K
}
Event: 577.747 GC heap before
{Heap before GC invocations=27 (full 0):
 garbage-first heap   total 262144K, used 214475K [0x0000000080000000, 0x0000000100000000)
  region size 1024K, 49 young (50176K), 2 survivors (2048K)
 Metaspace       used 126044K, capacity 129729K, committed 130816K, reserved 1163264K
  class space    used 15967K, capacity 17321K, committed 17664K, reserved 1048576K
}
Event: 577.751 GC heap after
{Heap after GC invocations=28 (full 0):
 garbage-first heap   total 262144K, used 167015K [0x0000000080000000, 0x0000000100000000)
  region size 1024K, 2 young (2048K), 2 survivors (2048K)
 Metaspace       used 126044K, capacity 129729K, committed 130816K, reserved 1163264K
  class space    used 15967K, capacity 17321K, committed 17664K, reserved 1048576K
}

Deoptimization events (20 events):
Event: 577.843 Thread 0x000001dd5813a800 Uncommon trap: trap_request=0xffffffc6 fr.pc=0x000001dd41e00a34 relative=0x00000000000006b4
Event: 577.843 Thread 0x000001dd5813a800 Uncommon trap: reason=bimorphic_or_optimized_type_check action=maybe_recompile pc=0x000001dd41e00a34 method=org.apache.xerces.dom.ParentNode.checkNormalizationAfterInsert(Lorg/apache/xerces/dom/ChildNode;)V @ 23 c2
Event: 577.843 Thread 0x000001dd5813a800 DEOPT PACKING pc=0x000001dd41e00a34 sp=0x000000d4318fa190
Event: 577.843 Thread 0x000001dd5813a800 DEOPT UNPACKING pc=0x000001dd397e78af sp=0x000000d4318fa0c0 mode 2
Event: 577.843 Thread 0x000001dd5813a800 Uncommon trap: trap_request=0xffffffc6 fr.pc=0x000001dd41e00a34 relative=0x00000000000006b4
Event: 577.843 Thread 0x000001dd5813a800 Uncommon trap: reason=bimorphic_or_optimized_type_check action=maybe_recompile pc=0x000001dd41e00a34 method=org.apache.xerces.dom.ParentNode.checkNormalizationAfterInsert(Lorg/apache/xerces/dom/ChildNode;)V @ 23 c2
Event: 577.843 Thread 0x000001dd5813a800 DEOPT PACKING pc=0x000001dd41e00a34 sp=0x000000d4318fa190
Event: 577.843 Thread 0x000001dd5813a800 DEOPT UNPACKING pc=0x000001dd397e78af sp=0x000000d4318fa0c0 mode 2
Event: 577.843 Thread 0x000001dd5813a800 Uncommon trap: trap_request=0xffffffc6 fr.pc=0x000001dd41e00a34 relative=0x00000000000006b4
Event: 577.843 Thread 0x000001dd5813a800 Uncommon trap: reason=bimorphic_or_optimized_type_check action=maybe_recompile pc=0x000001dd41e00a34 method=org.apache.xerces.dom.ParentNode.checkNormalizationAfterInsert(Lorg/apache/xerces/dom/ChildNode;)V @ 23 c2
Event: 577.843 Thread 0x000001dd5813a800 DEOPT PACKING pc=0x000001dd41e00a34 sp=0x000000d4318fa190
Event: 577.843 Thread 0x000001dd5813a800 DEOPT UNPACKING pc=0x000001dd397e78af sp=0x000000d4318fa0c0 mode 2
Event: 577.843 Thread 0x000001dd5813a800 Uncommon trap: trap_request=0xffffffc6 fr.pc=0x000001dd41e00a34 relative=0x00000000000006b4
Event: 577.843 Thread 0x000001dd5813a800 Uncommon trap: reason=bimorphic_or_optimized_type_check action=maybe_recompile pc=0x000001dd41e00a34 method=org.apache.xerces.dom.ParentNode.checkNormalizationAfterInsert(Lorg/apache/xerces/dom/ChildNode;)V @ 23 c2
Event: 577.843 Thread 0x000001dd5813a800 DEOPT PACKING pc=0x000001dd41e00a34 sp=0x000000d4318fa190
Event: 577.843 Thread 0x000001dd5813a800 DEOPT UNPACKING pc=0x000001dd397e78af sp=0x000000d4318fa0c0 mode 2
Event: 577.856 Thread 0x000001dd5813a800 Uncommon trap: trap_request=0xffffffde fr.pc=0x000001dd41e2b08c relative=0x00000000000002cc
Event: 577.856 Thread 0x000001dd5813a800 Uncommon trap: reason=class_check action=maybe_recompile pc=0x000001dd41e2b08c method=org.apache.xerces.dom.ElementImpl.getAttributes()Lorg/w3c/dom/NamedNodeMap; @ 8 c2
Event: 577.856 Thread 0x000001dd5813a800 DEOPT PACKING pc=0x000001dd41e2b08c sp=0x000000d4318fa1b0
Event: 577.856 Thread 0x000001dd5813a800 DEOPT UNPACKING pc=0x000001dd397e78af sp=0x000000d4318fa188 mode 2

Classes redefined (0 events):
No events

Internal exceptions (20 events):
Event: 575.722 Thread 0x000001dd58131800 Exception <a 'java/lang/NoSuchMethodError'{0x000000008ce5afe8}: <clinit>> (0x000000008ce5afe8) thrown at [./src/hotspot/share/prims/jni.cpp, line 1362]
Event: 575.724 Thread 0x000001dd58131800 Exception <a 'java/lang/NoSuchMethodError'{0x000000008ce81828}: <clinit>> (0x000000008ce81828) thrown at [./src/hotspot/share/prims/jni.cpp, line 1362]
Event: 575.733 Thread 0x000001dd571c4800 Exception <a 'java/lang/NoSuchMethodError'{0x000000008cd6de48}: <clinit>> (0x000000008cd6de48) thrown at [./src/hotspot/share/prims/jni.cpp, line 1362]
Event: 576.100 Thread 0x000001dd5813a800 Implicit null exception at 0x000001dd415e4f84 to 0x000001dd415e517c
Event: 576.929 Thread 0x000001dd5813a800 Exception <a 'java/lang/NoSuchMethodError'{0x000000008dc445a0}: <clinit>> (0x000000008dc445a0) thrown at [./src/hotspot/share/prims/jni.cpp, line 1362]
Event: 576.929 Thread 0x000001dd5813a800 Exception <a 'java/lang/NoSuchMethodError'{0x000000008dc54878}: <clinit>> (0x000000008dc54878) thrown at [./src/hotspot/share/prims/jni.cpp, line 1362]
Event: 576.934 Thread 0x000001dd5813a800 Exception <a 'java/lang/NoSuchMethodError'{0x000000008dcd08d8}: <clinit>> (0x000000008dcd08d8) thrown at [./src/hotspot/share/prims/jni.cpp, line 1362]
Event: 576.934 Thread 0x000001dd5813a800 Exception <a 'java/lang/NoSuchMethodError'{0x000000008dcd34a0}: <clinit>> (0x000000008dcd34a0) thrown at [./src/hotspot/share/prims/jni.cpp, line 1362]
Event: 576.935 Thread 0x000001dd5813a800 Exception <a 'java/lang/NoSuchMethodError'{0x000000008dcd7e80}: <clinit>> (0x000000008dcd7e80) thrown at [./src/hotspot/share/prims/jni.cpp, line 1362]
Event: 576.935 Thread 0x000001dd5813a800 Exception <a 'java/lang/NoSuchMethodError'{0x000000008dce3620}: <clinit>> (0x000000008dce3620) thrown at [./src/hotspot/share/prims/jni.cpp, line 1362]
Event: 576.938 Thread 0x000001dd5813a800 Exception <a 'java/lang/NoSuchMethodError'{0x000000008db3af20}: <clinit>> (0x000000008db3af20) thrown at [./src/hotspot/share/prims/jni.cpp, line 1362]
Event: 576.940 Thread 0x000001dd5813a800 Exception <a 'java/lang/NoSuchMethodError'{0x000000008db6caf8}: <clinit>> (0x000000008db6caf8) thrown at [./src/hotspot/share/prims/jni.cpp, line 1362]
Event: 576.940 Thread 0x000001dd5813a800 Exception <a 'java/lang/NoSuchMethodError'{0x000000008db6ff60}: <clinit>> (0x000000008db6ff60) thrown at [./src/hotspot/share/prims/jni.cpp, line 1362]
Event: 576.940 Thread 0x000001dd5813a800 Exception <a 'java/lang/NoSuchMethodError'{0x000000008db72bd0}: <clinit>> (0x000000008db72bd0) thrown at [./src/hotspot/share/prims/jni.cpp, line 1362]
Event: 576.941 Thread 0x000001dd5813a800 Exception <a 'java/lang/NoSuchMethodError'{0x000000008db8ae30}: <clinit>> (0x000000008db8ae30) thrown at [./src/hotspot/share/prims/jni.cpp, line 1362]
Event: 576.941 Thread 0x000001dd5813a800 Exception <a 'java/lang/NoSuchMethodError'{0x000000008dba2150}: <clinit>> (0x000000008dba2150) thrown at [./src/hotspot/share/prims/jni.cpp, line 1362]
Event: 576.942 Thread 0x000001dd5813a800 Exception <a 'java/lang/NoSuchMethodError'{0x000000008dbb6bd0}: <clinit>> (0x000000008dbb6bd0) thrown at [./src/hotspot/share/prims/jni.cpp, line 1362]
Event: 576.943 Thread 0x000001dd5813a800 Exception <a 'java/lang/NoSuchMethodError'{0x000000008dbd9638}: <clinit>> (0x000000008dbd9638) thrown at [./src/hotspot/share/prims/jni.cpp, line 1362]
Event: 576.945 Thread 0x000001dd5813a800 Exception <a 'java/lang/NoSuchMethodError'{0x000000008dbfe9c8}: <clinit>> (0x000000008dbfe9c8) thrown at [./src/hotspot/share/prims/jni.cpp, line 1362]
Event: 576.945 Thread 0x000001dd5813a800 Exception <a 'java/lang/NoSuchMethodError'{0x000000008da134d0}: <clinit>> (0x000000008da134d0) thrown at [./src/hotspot/share/prims/jni.cpp, line 1362]

Events (20 events):
Event: 577.834 loading class com/sun/xml/bind/v2/runtime/output/SAXOutput
Event: 577.834 loading class com/sun/xml/bind/v2/runtime/output/SAXOutput done
Event: 577.835 loading class com/sun/xml/bind/util/AttributesImpl
Event: 577.835 loading class com/sun/xml/bind/util/AttributesImpl done
Event: 577.836 loading class com/sun/xml/bind/v2/runtime/reflect/Lister$CollectionLister$1
Event: 577.836 loading class com/sun/xml/bind/v2/runtime/reflect/Lister$CollectionLister$1 done
Event: 577.837 loading class com/sun/xml/bind/v2/runtime/reflect/Lister$IDREFSIterator
Event: 577.837 loading class com/sun/xml/bind/v2/runtime/reflect/Lister$IDREFSIterator done
Event: 577.838 Executing VM operation: RevokeBias
Event: 577.838 Executing VM operation: RevokeBias done
Event: 577.840 loading class com/android/ide/common/resources/ResourceMerger
Event: 577.840 loading class com/android/ide/common/resources/ResourceMerger done
Event: 577.840 loading class com/android/ide/common/resources/ResourceMerger
Event: 577.840 loading class com/android/ide/common/resources/ResourceMerger done
Event: 577.841 loading class com/android/ide/common/resources/DataSet$1
Event: 577.841 loading class com/android/ide/common/resources/DataSet$1 done
Event: 577.842 loading class com/android/ide/common/resources/FileStatus
Event: 577.842 loading class com/android/ide/common/resources/FileStatus done
Event: 577.843 Executing VM operation: CGC_Operation
Event: 577.851 Executing VM operation: CGC_Operation done


Dynamic libraries:
0x00007ff72a780000 - 0x00007ff72a78a000 	C:\Program Files\Android\Android Studio\jre\bin\java.exe
0x00007fffebfd0000 - 0x00007fffec1c5000 	C:\WINDOWS\SYSTEM32\ntdll.dll
0x00007fffeb5a0000 - 0x00007fffeb65e000 	C:\WINDOWS\System32\KERNEL32.DLL
0x00007fffe9880000 - 0x00007fffe9b49000 	C:\WINDOWS\System32\KERNELBASE.dll
0x00007fffe9c00000 - 0x00007fffe9d00000 	C:\WINDOWS\System32\ucrtbase.dll
0x00007fffb7e80000 - 0x00007fffb7e97000 	C:\Program Files\Android\Android Studio\jre\bin\VCRUNTIME140.dll
0x00007fffbab90000 - 0x00007fffbaba9000 	C:\Program Files\Android\Android Studio\jre\bin\jli.dll
0x00007fffeb080000 - 0x00007fffeb221000 	C:\WINDOWS\System32\USER32.dll
0x00007fffe96f0000 - 0x00007fffe9712000 	C:\WINDOWS\System32\win32u.dll
0x00007fffdcc10000 - 0x00007fffdceaa000 	C:\WINDOWS\WinSxS\amd64_microsoft.windows.common-controls_6595b64144ccf1df_6.0.19041.1110_none_60b5254171f9507e\COMCTL32.dll
0x00007fffeb290000 - 0x00007fffeb2bb000 	C:\WINDOWS\System32\GDI32.dll
0x00007fffeae10000 - 0x00007fffeaeae000 	C:\WINDOWS\System32\msvcrt.dll
0x00007fffe9d50000 - 0x00007fffe9e5b000 	C:\WINDOWS\System32\gdi32full.dll
0x00007fffe97e0000 - 0x00007fffe987d000 	C:\WINDOWS\System32\msvcp_win.dll
0x00007fffebf60000 - 0x00007fffebf90000 	C:\WINDOWS\System32\IMM32.DLL
0x00007fffa2960000 - 0x00007fffa29fd000 	C:\Program Files\Android\Android Studio\jre\bin\msvcp140.dll
0x00007fff90520000 - 0x00007fff90fef000 	C:\Program Files\Android\Android Studio\jre\bin\server\jvm.dll
0x00007fffebeb0000 - 0x00007fffebf5c000 	C:\WINDOWS\System32\ADVAPI32.dll
0x00007fffeaeb0000 - 0x00007fffeaf4b000 	C:\WINDOWS\System32\sechost.dll
0x00007fffeaf50000 - 0x00007fffeb07a000 	C:\WINDOWS\System32\RPCRT4.dll
0x00007fffeacc0000 - 0x00007fffeacc8000 	C:\WINDOWS\System32\PSAPI.DLL
0x00007fffce760000 - 0x00007fffce769000 	C:\WINDOWS\SYSTEM32\WSOCK32.dll
0x00007fffde470000 - 0x00007fffde497000 	C:\WINDOWS\SYSTEM32\WINMM.dll
0x00007fffe3000000 - 0x00007fffe300a000 	C:\WINDOWS\SYSTEM32\VERSION.dll
0x00007fffeb400000 - 0x00007fffeb46b000 	C:\WINDOWS\System32\WS2_32.dll
0x00007fffe75d0000 - 0x00007fffe75e2000 	C:\WINDOWS\SYSTEM32\kernel.appcore.dll
0x00007fffd3760000 - 0x00007fffd3771000 	C:\Program Files\Android\Android Studio\jre\bin\verify.dll
0x00007fffd9870000 - 0x00007fffd9a54000 	C:\WINDOWS\SYSTEM32\DBGHELP.DLL
0x00007fffdae80000 - 0x00007fffdaeac000 	C:\WINDOWS\SYSTEM32\dbgcore.DLL
0x00007fffe9720000 - 0x00007fffe97a3000 	C:\WINDOWS\System32\bcryptPrimitives.dll
0x00007fffbac30000 - 0x00007fffbac59000 	C:\Program Files\Android\Android Studio\jre\bin\java.dll
0x00007fffe53e0000 - 0x00007fffe53eb000 	C:\Program Files\Android\Android Studio\jre\bin\jimage.dll
0x00007fffcb810000 - 0x00007fffcb828000 	C:\Program Files\Android\Android Studio\jre\bin\zip.dll
0x00007fffeb6c0000 - 0x00007fffebdff000 	C:\WINDOWS\System32\SHELL32.dll
0x00007fffe77d0000 - 0x00007fffe7f60000 	C:\WINDOWS\SYSTEM32\windows.storage.dll
0x00007fffea4a0000 - 0x00007fffea7f5000 	C:\WINDOWS\System32\combase.dll
0x00007fffe9060000 - 0x00007fffe908c000 	C:\WINDOWS\SYSTEM32\Wldp.dll
0x00007fffeb470000 - 0x00007fffeb51d000 	C:\WINDOWS\System32\SHCORE.dll
0x00007fffeb230000 - 0x00007fffeb285000 	C:\WINDOWS\System32\shlwapi.dll
0x00007fffe9630000 - 0x00007fffe964f000 	C:\WINDOWS\SYSTEM32\profapi.dll
0x00007fffcae20000 - 0x00007fffcae3a000 	C:\Program Files\Android\Android Studio\jre\bin\net.dll
0x00007fffe12f0000 - 0x00007fffe13f8000 	C:\WINDOWS\SYSTEM32\WINHTTP.dll
0x00007fffe8e40000 - 0x00007fffe8eaa000 	C:\WINDOWS\system32\mswsock.dll
0x00007fffbafd0000 - 0x00007fffbafe4000 	C:\Program Files\Android\Android Studio\jre\bin\nio.dll
0x00007fffd36e0000 - 0x00007fffd3707000 	C:\Users\Sumver\.gradle\native\8bec1ad78214c89d9ad589b4d07fe93259594b29d510b10fafb7a158f7737e5d\windows-amd64\native-platform.dll
0x00007fffa2cb0000 - 0x00007fffa2ded000 	C:\Users\Sumver\.gradle\native\53dbd7edfb1c66fb8903c78663c9afc45aea4f116125fa6feffd364cf09443e8\windows-amd64\native-platform-file-events.dll
0x00007fffe4ea0000 - 0x00007fffe4eaa000 	C:\Program Files\Android\Android Studio\jre\bin\management.dll
0x00007fffe4dd0000 - 0x00007fffe4ddc000 	C:\Program Files\Android\Android Studio\jre\bin\management_ext.dll
0x00007fffe93a0000 - 0x00007fffe93b8000 	C:\WINDOWS\SYSTEM32\CRYPTSP.dll
0x00007fffe8770000 - 0x00007fffe87a4000 	C:\WINDOWS\system32\rsaenh.dll
0x00007fffe97b0000 - 0x00007fffe97d7000 	C:\WINDOWS\System32\bcrypt.dll
0x00007fffe95b0000 - 0x00007fffe95de000 	C:\WINDOWS\SYSTEM32\USERENV.dll
0x00007fffe8fd0000 - 0x00007fffe8fdc000 	C:\WINDOWS\SYSTEM32\CRYPTBASE.dll
0x00007fffe8b00000 - 0x00007fffe8b3b000 	C:\WINDOWS\SYSTEM32\IPHLPAPI.DLL
0x00007fffea990000 - 0x00007fffea998000 	C:\WINDOWS\System32\NSI.dll
0x00007fffe32b0000 - 0x00007fffe32c7000 	C:\WINDOWS\SYSTEM32\dhcpcsvc6.DLL
0x00007fffe3290000 - 0x00007fffe32ad000 	C:\WINDOWS\SYSTEM32\dhcpcsvc.DLL
0x00007fffe8b40000 - 0x00007fffe8c0c000 	C:\WINDOWS\SYSTEM32\DNSAPI.dll
0x00007fffbabb0000 - 0x00007fffbabd7000 	C:\Program Files\Android\Android Studio\jre\bin\sunec.dll
0x00007fffe26d0000 - 0x00007fffe26da000 	C:\Windows\System32\rasadhlp.dll
0x00007fffe0020000 - 0x00007fffe009f000 	C:\WINDOWS\System32\fwpuclnt.dll

dbghelp: loaded successfully - version: 4.0.5 - missing functions: none
symbol engine: initialized successfully - sym options: 0x614 - pdb path: .;C:\Program Files\Android\Android Studio\jre\bin;C:\WINDOWS\SYSTEM32;C:\WINDOWS\WinSxS\amd64_microsoft.windows.common-controls_6595b64144ccf1df_6.0.19041.1110_none_60b5254171f9507e;C:\Program Files\Android\Android Studio\jre\bin\server;C:\Users\Sumver\.gradle\native\8bec1ad78214c89d9ad589b4d07fe93259594b29d510b10fafb7a158f7737e5d\windows-amd64;C:\Users\Sumver\.gradle\native\53dbd7edfb1c66fb8903c78663c9afc45aea4f116125fa6feffd364cf09443e8\windows-amd64

VM Arguments:
jvm_args: --add-opens=java.base/java.util=ALL-UNNAMED --add-opens=java.base/java.lang=ALL-UNNAMED --add-opens=java.base/java.lang.invoke=ALL-UNNAMED --add-opens=java.base/java.util=ALL-UNNAMED --add-opens=java.prefs/java.util.prefs=ALL-UNNAMED --add-opens=java.prefs/java.util.prefs=ALL-UNNAMED --add-opens=java.base/java.nio.charset=ALL-UNNAMED --add-opens=java.base/java.net=ALL-UNNAMED --add-opens=java.base/java.util.concurrent.atomic=ALL-UNNAMED -Xmx2048m -Dfile.encoding=UTF-8 -Duser.country=TW -Duser.language=zh -Duser.variant 
java_command: org.gradle.launcher.daemon.bootstrap.GradleDaemon 7.0.2
java_class_path (initial): C:\Users\Sumver\.gradle\wrapper\dists\gradle-7.0.2-bin\857tjihv64xamwrf0h14cai3r\gradle-7.0.2\lib\gradle-launcher-7.0.2.jar
Launcher Type: SUN_STANDARD

[Global flags]
     intx CICompilerCount                          = 4                                         {product} {ergonomic}
     uint ConcGCThreads                            = 3                                         {product} {ergonomic}
     uint G1ConcRefinementThreads                  = 10                                        {product} {ergonomic}
   size_t G1HeapRegionSize                         = 1048576                                   {product} {ergonomic}
    uintx GCDrainStackTargetSize                   = 64                                        {product} {ergonomic}
   size_t InitialHeapSize                          = 268435456                                 {product} {ergonomic}
   size_t MarkStackSize                            = 4194304                                   {product} {ergonomic}
   size_t MaxHeapSize                              = 2147483648                                {product} {command line}
   size_t MaxNewSize                               = 1287651328                                {product} {ergonomic}
   size_t MinHeapDeltaBytes                        = 1048576                                   {product} {ergonomic}
    uintx NonNMethodCodeHeapSize                   = 5836300                                {pd product} {ergonomic}
    uintx NonProfiledCodeHeapSize                  = 122910970                              {pd product} {ergonomic}
    uintx ProfiledCodeHeapSize                     = 122910970                              {pd product} {ergonomic}
    uintx ReservedCodeCacheSize                    = 251658240                              {pd product} {ergonomic}
     bool SegmentedCodeCache                       = true                                      {product} {ergonomic}
     bool UseCompressedClassPointers               = true                                 {lp64_product} {ergonomic}
     bool UseCompressedOops                        = true                                 {lp64_product} {ergonomic}
     bool UseG1GC                                  = true                                      {product} {ergonomic}
     bool UseLargePagesIndividualAllocation        = false                                  {pd product} {ergonomic}

Logging:
Log output configuration:
 #0: stdout all=warning uptime,level,tags
 #1: stderr all=off uptime,level,tags

Environment Variables:
PATH=C:\Program Files\Common Files\Oracle\Java\javapath;C:\Program Files (x86)\VMware\VMware Workstation\bin\;C:\Program Files (x86)\Common Files\Oracle\Java\javapath;C:\WINDOWS\system32;C:\WINDOWS;C:\WINDOWS\System32\Wbem;C:\WINDOWS\System32\WindowsPowerShell\v1.0\;C:\WINDOWS\System32\OpenSSH\;C:\Program Files (x86)\Pulse Secure\VC142.CRT\X64\;C:\Program Files (x86)\Pulse Secure\VC142.CRT\X86\;C:\Program Files\Crucial\Crucial Storage Executive;C:\Program Files\NVIDIA Corporation\NVIDIA NvDLISR;C:\Program Files (x86)\NVIDIA Corporation\PhysX\Common;C:\Program Files\Android\Android Studio\jre\bin;C:\Program Files\Git\cmd;C:\Users\Sumver\AppData\Local\Programs\Python\Python39\Scripts\;C:\Users\Sumver\AppData\Local\Programs\Python\Python39\;C:\Users\Sumver\AppData\Local\Microsoft\WindowsApps;C:\Users\Sumver\AppData\Local\Programs\Microsoft VS Code\bin;C:\ProgramData\Sumver\GitHubDesktop\bin;C:\Users\Sumver\AppData\Local\GitHubDesktop\bin
USERNAME=Sumver
OS=Windows_NT
PROCESSOR_IDENTIFIER=AMD64 Family 23 Model 113 Stepping 0, AuthenticAMD



---------------  S Y S T E M  ---------------

OS: Windows 10 , 64 bit Build 19041 (10.0.19041.1202)
OS uptime: 0 days 8:06 hours
Hyper-V role detected

CPU:total 12 (initial active 12) (12 cores per cpu, 2 threads per core) family 23 model 113 stepping 0 microcode 0x0, cmov, cx8, fxsr, mmx, sse, sse2, sse3, ssse3, sse4.1, sse4.2, popcnt, avx, avx2, aes, clmul, mmxext, 3dnowpref, lzcnt, sse4a, ht, tsc, tscinvbit, tscinv, bmi1, bmi2, adx,

Memory: 4k page, system-wide physical 16297M (5313M free)
TotalPageFile size 17321M (AvailPageFile size 5M)
current process WorkingSet (physical memory assigned to process): 603M, peak: 606M
current process commit charge ("private bytes"): 642M, peak: 646M

vm_info: OpenJDK 64-Bit Server VM (11.0.10+0-b96-7249189) for windows-amd64 JRE (11.0.10+0-b96-7249189), built on Mar 31 2021 21:44:00 by "builder" with MS VC++ 14.0 (VS2015)

END.
